#
# There is insufficient memory for the Java Runtime Environment to continue.
# Native memory allocation (malloc) failed to allocate 131088 bytes for Chunk::new
# Possible reasons:
#   The system is out of physical RAM or swap space
#   In 32 bit mode, the process size limit was hit
# Possible solutions:
#   Reduce memory load on the system
#   Increase physical memory or swap space
#   Check if swap backing store is full
#   Use 64 bit Java on a 64 bit OS
#   Decrease Java heap size (-Xmx/-Xms)
#   Decrease number of Java threads
#   Decrease Java thread stack sizes (-Xss)
#   Set larger code cache with -XX:ReservedCodeCacheSize=
# This output file may be truncated or incomplete.
#
#  Out of Memory Error (allocation.cpp:390), pid=14180, tid=0x0000000000003018
#
# JRE version: OpenJDK Runtime Environment (8.0_152-b01) (build 1.8.0_152-release-1343-b01)
# Java VM: OpenJDK 64-Bit Server VM (25.152-b01 mixed mode windows-amd64 compressed oops)
# Failed to write core dump. Minidumps are not enabled by default on client versions of Windows
#

---------------  T H R E A D  ---------------

Current thread (0x0000000019477000):  JavaThread "C2 CompilerThread1" daemon [_thread_in_native, id=12312, stack(0x0000000019be0000,0x0000000019ce0000)]

Stack: [0x0000000019be0000,0x0000000019ce0000]
[error occurred during error reporting (printing stack bounds), id 0xc0000005]

Native frames: (J=compiled Java code, j=interpreted, Vv=VM code, C=native code)


Current CompileTask:
C2:   5593 5189       4       java.lang.Class::getMethod0 (40 bytes)


---------------  P R O C E S S  ---------------

Java Threads: ( => current thread )
  0x000000001dda2800 JavaThread "Cache worker for Build Output Cleanup Cache (C:\Users\rr242\AndroidStudioProjects\OceanCompass2\.gradle\buildOutputCleanup)" [_thread_blocked, id=6480, stack(0x0000000022c80000,0x0000000022d80000)]
  0x000000001dda0800 JavaThread "Build operations Thread 8" [_thread_blocked, id=5612, stack(0x0000000023970000,0x0000000023a70000)]
  0x000000001dd9f000 JavaThread "Build operations Thread 7" [_thread_blocked, id=15384, stack(0x0000000023870000,0x0000000023970000)]
  0x000000001dd9e000 JavaThread "Build operations Thread 6" [_thread_blocked, id=6828, stack(0x0000000023770000,0x0000000023870000)]
  0x000000001dd9d800 JavaThread "Build operations Thread 5" [_thread_blocked, id=6924, stack(0x0000000023670000,0x0000000023770000)]
  0x000000001dd9c000 JavaThread "Build operations Thread 4" [_thread_blocked, id=18216, stack(0x0000000023570000,0x0000000023670000)]
  0x000000001dda2000 JavaThread "Build operations Thread 3" [_thread_blocked, id=17956, stack(0x0000000023470000,0x0000000023570000)]
  0x000000001dd9f800 JavaThread "Build operations Thread 2" [_thread_blocked, id=18948, stack(0x0000000023370000,0x0000000023470000)]
  0x000000001dd9c800 JavaThread "Build operations" [_thread_blocked, id=2644, stack(0x0000000022db0000,0x0000000022eb0000)]
  0x000000001b590000 JavaThread "Cache worker for execution history cache (C:\Users\rr242\.gradle\caches\5.1.1\executionHistory)" [_thread_blocked, id=5592, stack(0x0000000021640000,0x0000000021740000)]
  0x000000001b58c000 JavaThread "Cache worker for cache directory md-rule (C:\Users\rr242\.gradle\caches\5.1.1\md-rule)" [_thread_blocked, id=21816, stack(0x0000000021780000,0x0000000021880000)]
  0x000000001b593000 JavaThread "Cache worker for cache directory md-supplier (C:\Users\rr242\.gradle\caches\5.1.1\md-supplier)" [_thread_blocked, id=21612, stack(0x0000000021540000,0x0000000021640000)]
  0x000000001b58d800 JavaThread "Cache worker for file hash cache (C:\Users\rr242\AndroidStudioProjects\OceanCompass2\.gradle\5.1.1\fileHashes)" [_thread_blocked, id=12940, stack(0x000000001ec50000,0x000000001ed50000)]
  0x000000001b590800 JavaThread "Cache worker for journal cache (C:\Users\rr242\.gradle\caches\journal-1)" [_thread_blocked, id=236, stack(0x000000001c9b0000,0x000000001cab0000)]
  0x000000001b731000 JavaThread "File lock request listener" [_thread_in_native, id=16828, stack(0x000000001c8b0000,0x000000001c9b0000)]
  0x000000001b730800 JavaThread "Cache worker for file hash cache (C:\Users\rr242\.gradle\caches\5.1.1\fileHashes)" [_thread_blocked, id=8972, stack(0x000000001c7b0000,0x000000001c8b0000)]
  0x000000001b34a800 JavaThread "Thread-8" [_thread_blocked, id=5896, stack(0x000000001c6b0000,0x000000001c7b0000)]
  0x000000001b349000 JavaThread "Stdin handler" [_thread_blocked, id=8076, stack(0x000000001c4b0000,0x000000001c5b0000)]
  0x000000001b37c800 JavaThread "Asynchronous log dispatcher for DefaultDaemonConnection: socket connection from /127.0.0.1:10021 to /127.0.0.1:10022" [_thread_blocked, id=468, stack(0x000000001c3b0000,0x000000001c4b0000)]
  0x000000001b34d800 JavaThread "Daemon worker" [_thread_in_vm, id=16368, stack(0x000000001c2b0000,0x000000001c3b0000)]
  0x000000001b56f800 JavaThread "Cancel handler" [_thread_blocked, id=4032, stack(0x000000001c1b0000,0x000000001c2b0000)]
  0x000000001b45e800 JavaThread "Handler for socket connection from /127.0.0.1:10021 to /127.0.0.1:10022" [_thread_in_native, id=8560, stack(0x000000001beb0000,0x000000001bfb0000)]
  0x000000001b45d800 JavaThread "Daemon" [_thread_blocked, id=23580, stack(0x000000001bdb0000,0x000000001beb0000)]
  0x000000001b031800 JavaThread "Daemon periodic checks" [_thread_blocked, id=20904, stack(0x000000001bcb0000,0x000000001bdb0000)]
  0x000000001afb0800 JavaThread "Incoming local TCP Connector on port 10021" [_thread_in_native, id=10752, stack(0x000000001bad0000,0x000000001bbd0000)]
  0x000000001950c800 JavaThread "Service Thread" daemon [_thread_blocked, id=22132, stack(0x0000000019ee0000,0x0000000019fe0000)]
  0x0000000019482000 JavaThread "C1 CompilerThread3" daemon [_thread_in_vm, id=14912, stack(0x0000000019de0000,0x0000000019ee0000)]
  0x000000001947c000 JavaThread "C2 CompilerThread2" daemon [_thread_blocked, id=18908, stack(0x0000000019ce0000,0x0000000019de0000)]
=>0x0000000019477000 JavaThread "C2 CompilerThread1" daemon [_thread_in_native, id=12312, stack(0x0000000019be0000,0x0000000019ce0000)]
  0x000000001946c800 JavaThread "C2 CompilerThread0" daemon [_thread_in_native, id=18272, stack(0x0000000019ae0000,0x0000000019be0000)]
  0x000000001946b000 JavaThread "Attach Listener" daemon [_thread_blocked, id=24128, stack(0x00000000199e0000,0x0000000019ae0000)]
  0x0000000019418800 JavaThread "Signal Dispatcher" daemon [_thread_blocked, id=17704, stack(0x00000000198e0000,0x00000000199e0000)]
  0x0000000017512000 JavaThread "Finalizer" daemon [_thread_blocked, id=18752, stack(0x00000000197e0000,0x00000000198e0000)]
  0x0000000003747000 JavaThread "Reference Handler" daemon [_thread_blocked, id=21124, stack(0x00000000192e0000,0x00000000193e0000)]
  0x000000000312e000 JavaThread "main" [_thread_blocked, id=15628, stack(0x0000000003550000,0x0000000003650000)]

Other Threads:
  0x0000000017508000 VMThread [stack: 0x00000000191e0000,0x00000000192e0000] [id=18660]
  0x000000001950e000 WatcherThread [stack: 0x0000000019fe0000,0x000000001a0e0000] [id=11816]

VM state:not at safepoint (normal execution)

VM Mutex/Monitor currently owned by a thread: None

Heap:
 PSYoungGen      total 207872K, used 10853K [0x00000000e0000000, 0x00000000ee580000, 0x0000000100000000)
  eden space 190976K, 5% used [0x00000000e0000000,0x00000000e0a997b8,0x00000000eba80000)
  from space 16896K, 0% used [0x00000000ece80000,0x00000000ece80000,0x00000000edf00000)
  to   space 20480K, 0% used [0x00000000eba80000,0x00000000eba80000,0x00000000ece80000)
 ParOldGen       total 282112K, used 34572K [0x00000000a0000000, 0x00000000b1380000, 0x00000000e0000000)
  object space 282112K, 12% used [0x00000000a0000000,0x00000000a21c3048,0x00000000b1380000)
 Metaspace       used 58284K, capacity 59974K, committed 60312K, reserved 1103872K
  class space    used 7842K, capacity 8238K, committed 8344K, reserved 1048576K

Card table byte_map: [0x0000000012b10000,0x0000000012e20000] byte_map_base: 0x0000000012610000

Marking Bits: (ParMarkBitMap*) 0x000000006b575aa0
 Begin Bits: [0x0000000013820000, 0x0000000015020000)
 End Bits:   [0x0000000015020000, 0x0000000016820000)

Polling page: 0x0000000003100000

CodeCache: size=245760Kb used=17804Kb max_used=17804Kb free=227955Kb
 bounds [0x0000000003750000, 0x00000000048c0000, 0x0000000012750000]
 total_blobs=6017 nmethods=5227 adapters=702
 compilation: enabled

Compilation events (10 events):
Event: 5.587 Thread 0x0000000019482000 nmethod 5267 0x00000000048a9a10 code [0x00000000048a9b60, 0x00000000048a9c70]
Event: 5.587 Thread 0x0000000019482000 5268       3       sun.reflect.ClassFileAssembler::opc_aload_1 (24 bytes)
Event: 5.587 Thread 0x0000000019482000 nmethod 5268 0x00000000048a9350 code [0x00000000048a94e0, 0x00000000048a9888]
Event: 5.587 Thread 0x0000000019482000 5269       1       org.gradle.internal.typeconversion.NotationConverterToNotationParserAdapter$ResultImpl::access$100 (5 bytes)
Event: 5.587 Thread 0x0000000019482000 nmethod 5269 0x00000000048a9050 code [0x00000000048a91a0, 0x00000000048a9290]
Event: 5.587 Thread 0x0000000019482000 5270       1       org.gradle.internal.typeconversion.NotationConverterToNotationParserAdapter$ResultImpl::access$200 (5 bytes)
Event: 5.587 Thread 0x0000000019482000 nmethod 5270 0x00000000048b47d0 code [0x00000000048b4920, 0x00000000048b4a10]
Event: 5.587 Thread 0x0000000019482000 5272       3       java.util.LinkedList::checkElementIndex (22 bytes)
Event: 5.588 Thread 0x0000000019482000 nmethod 5272 0x00000000048b4a90 code [0x00000000048b4ca0, 0x00000000048b5878]
Event: 5.588 Thread 0x0000000019482000 5273       3       java.util.regex.Matcher::find (35 bytes)

GC Heap History (10 events):
Event: 3.331 GC heap before
{Heap before GC invocations=7 (full 1):
 PSYoungGen      total 138752K, used 31925K [0x00000000e0000000, 0x00000000eaa00000, 0x0000000100000000)
  eden space 128000K, 16% used [0x00000000e0000000,0x00000000e14b3968,0x00000000e7d00000)
  from space 10752K, 99% used [0x00000000e7d00000,0x00000000e8779ad8,0x00000000e8780000)
  to   space 13824K, 0% used [0x00000000e9c80000,0x00000000e9c80000,0x00000000eaa00000)
 ParOldGen       total 112128K, used 11855K [0x00000000a0000000, 0x00000000a6d80000, 0x00000000e0000000)
  object space 112128K, 10% used [0x00000000a0000000,0x00000000a0b93da0,0x00000000a6d80000)
 Metaspace       used 34634K, capacity 35464K, committed 35496K, reserved 1079296K
  class space    used 4771K, capacity 5007K, committed 5032K, reserved 1048576K
Event: 3.337 GC heap after
Heap after GC invocations=7 (full 1):
 PSYoungGen      total 160768K, used 9700K [0x00000000e0000000, 0x00000000edb00000, 0x0000000100000000)
  eden space 146944K, 0% used [0x00000000e0000000,0x00000000e0000000,0x00000000e8f80000)
  from space 13824K, 70% used [0x00000000e9c80000,0x00000000ea5f9320,0x00000000eaa00000)
  to   space 13312K, 0% used [0x00000000e8f80000,0x00000000e8f80000,0x00000000e9c80000)
 ParOldGen       total 112128K, used 11863K [0x00000000a0000000, 0x00000000a6d80000, 0x00000000e0000000)
  object space 112128K, 10% used [0x00000000a0000000,0x00000000a0b95da0,0x00000000a6d80000)
 Metaspace       used 34634K, capacity 35464K, committed 35496K, reserved 1079296K
  class space    used 4771K, capacity 5007K, committed 5032K, reserved 1048576K
}
Event: 3.337 GC heap before
{Heap before GC invocations=8 (full 2):
 PSYoungGen      total 160768K, used 9700K [0x00000000e0000000, 0x00000000edb00000, 0x0000000100000000)
  eden space 146944K, 0% used [0x00000000e0000000,0x00000000e0000000,0x00000000e8f80000)
  from space 13824K, 70% used [0x00000000e9c80000,0x00000000ea5f9320,0x00000000eaa00000)
  to   space 13312K, 0% used [0x00000000e8f80000,0x00000000e8f80000,0x00000000e9c80000)
 ParOldGen       total 112128K, used 11863K [0x00000000a0000000, 0x00000000a6d80000, 0x00000000e0000000)
  object space 112128K, 10% used [0x00000000a0000000,0x00000000a0b95da0,0x00000000a6d80000)
 Metaspace       used 34634K, capacity 35464K, committed 35496K, reserved 1079296K
  class space    used 4771K, capacity 5007K, committed 5032K, reserved 1048576K
Event: 3.404 GC heap after
Heap after GC invocations=8 (full 2):
 PSYoungGen      total 160768K, used 0K [0x00000000e0000000, 0x00000000edb00000, 0x0000000100000000)
  eden space 146944K, 0% used [0x00000000e0000000,0x00000000e0000000,0x00000000e8f80000)
  from space 13824K, 0% used [0x00000000e9c80000,0x00000000e9c80000,0x00000000eaa00000)
  to   space 13312K, 0% used [0x00000000e8f80000,0x00000000e8f80000,0x00000000e9c80000)
 ParOldGen       total 183808K, used 16734K [0x00000000a0000000, 0x00000000ab380000, 0x00000000e0000000)
  object space 183808K, 9% used [0x00000000a0000000,0x00000000a1057858,0x00000000ab380000)
 Metaspace       used 34598K, capacity 35344K, committed 35496K, reserved 1079296K
  class space    used 4760K, capacity 4987K, committed 5032K, reserved 1048576K
}
Event: 4.488 GC heap before
{Heap before GC invocations=9 (full 2):
 PSYoungGen      total 160768K, used 146944K [0x00000000e0000000, 0x00000000edb00000, 0x0000000100000000)
  eden space 146944K, 100% used [0x00000000e0000000,0x00000000e8f80000,0x00000000e8f80000)
  from space 13824K, 0% used [0x00000000e9c80000,0x00000000e9c80000,0x00000000eaa00000)
  to   space 13312K, 0% used [0x00000000e8f80000,0x00000000e8f80000,0x00000000e9c80000)
 ParOldGen       total 183808K, used 16734K [0x00000000a0000000, 0x00000000ab380000, 0x00000000e0000000)
  object space 183808K, 9% used [0x00000000a0000000,0x00000000a1057858,0x00000000ab380000)
 Metaspace       used 47579K, capacity 48646K, committed 49064K, reserved 1091584K
  class space    used 6430K, capacity 6716K, committed 6824K, reserved 1048576K
Event: 4.502 GC heap after
Heap after GC invocations=9 (full 2):
 PSYoungGen      total 160256K, used 13287K [0x00000000e0000000, 0x00000000edf00000, 0x0000000100000000)
  eden space 146944K, 0% used [0x00000000e0000000,0x00000000e0000000,0x00000000e8f80000)
  from space 13312K, 99% used [0x00000000e8f80000,0x00000000e9c79db0,0x00000000e9c80000)
  to   space 16896K, 0% used [0x00000000ece80000,0x00000000ece80000,0x00000000edf00000)
 ParOldGen       total 183808K, used 21444K [0x00000000a0000000, 0x00000000ab380000, 0x00000000e0000000)
  object space 183808K, 11% used [0x00000000a0000000,0x00000000a14f12e0,0x00000000ab380000)
 Metaspace       used 47579K, capacity 48646K, committed 49064K, reserved 1091584K
  class space    used 6430K, capacity 6716K, committed 6824K, reserved 1048576K
}
Event: 5.323 GC heap before
{Heap before GC invocations=10 (full 2):
 PSYoungGen      total 160256K, used 121156K [0x00000000e0000000, 0x00000000edf00000, 0x0000000100000000)
  eden space 146944K, 73% used [0x00000000e0000000,0x00000000e6957448,0x00000000e8f80000)
  from space 13312K, 99% used [0x00000000e8f80000,0x00000000e9c79db0,0x00000000e9c80000)
  to   space 16896K, 0% used [0x00000000ece80000,0x00000000ece80000,0x00000000edf00000)
 ParOldGen       total 183808K, used 21444K [0x00000000a0000000, 0x00000000ab380000, 0x00000000e0000000)
  object space 183808K, 11% used [0x00000000a0000000,0x00000000a14f12e0,0x00000000ab380000)
 Metaspace       used 57599K, capacity 59054K, committed 59160K, reserved 1099776K
  class space    used 7741K, capacity 8118K, committed 8216K, reserved 1048576K
Event: 5.334 GC heap after
Heap after GC invocations=10 (full 2):
 PSYoungGen      total 207872K, used 16884K [0x00000000e0000000, 0x00000000ee580000, 0x0000000100000000)
  eden space 190976K, 0% used [0x00000000e0000000,0x00000000e0000000,0x00000000eba80000)
  from space 16896K, 99% used [0x00000000ece80000,0x00000000edefd148,0x00000000edf00000)
  to   space 20480K, 0% used [0x00000000eba80000,0x00000000eba80000,0x00000000ece80000)
 ParOldGen       total 183808K, used 24219K [0x00000000a0000000, 0x00000000ab380000, 0x00000000e0000000)
  object space 183808K, 13% used [0x00000000a0000000,0x00000000a17a6e38,0x00000000ab380000)
 Metaspace       used 57599K, capacity 59054K, committed 59160K, reserved 1099776K
  class space    used 7741K, capacity 8118K, committed 8216K, reserved 1048576K
}
Event: 5.334 GC heap before
{Heap before GC invocations=11 (full 3):
 PSYoungGen      total 207872K, used 16884K [0x00000000e0000000, 0x00000000ee580000, 0x0000000100000000)
  eden space 190976K, 0% used [0x00000000e0000000,0x00000000e0000000,0x00000000eba80000)
  from space 16896K, 99% used [0x00000000ece80000,0x00000000edefd148,0x00000000edf00000)
  to   space 20480K, 0% used [0x00000000eba80000,0x00000000eba80000,0x00000000ece80000)
 ParOldGen       total 183808K, used 24219K [0x00000000a0000000, 0x00000000ab380000, 0x00000000e0000000)
  object space 183808K, 13% used [0x00000000a0000000,0x00000000a17a6e38,0x00000000ab380000)
 Metaspace       used 57599K, capacity 59054K, committed 59160K, reserved 1099776K
  class space    used 7741K, capacity 8118K, committed 8216K, reserved 1048576K
Event: 5.519 GC heap after
Heap after GC invocations=11 (full 3):
 PSYoungGen      total 207872K, used 0K [0x00000000e0000000, 0x00000000ee580000, 0x0000000100000000)
  eden space 190976K, 0% used [0x00000000e0000000,0x00000000e0000000,0x00000000eba80000)
  from space 16896K, 0% used [0x00000000ece80000,0x00000000ece80000,0x00000000edf00000)
  to   space 20480K, 0% used [0x00000000eba80000,0x00000000eba80000,0x00000000ece80000)
 ParOldGen       total 282112K, used 34572K [0x00000000a0000000, 0x00000000b1380000, 0x00000000e0000000)
  object space 282112K, 12% used [0x00000000a0000000,0x00000000a21c3048,0x00000000b1380000)
 Metaspace       used 57599K, capacity 59054K, committed 59160K, reserved 1099776K
  class space    used 7741K, capacity 8118K, committed 8216K, reserved 1048576K
}

Deoptimization events (10 events):
Event: 4.954 Thread 0x000000001b34d800 Uncommon trap: reason=class_check action=maybe_recompile pc=0x0000000004316260 method=java.util.Collections$SynchronizedCollection.add(Ljava/lang/Object;)Z @ 12
Event: 5.086 Thread 0x000000001b34d800 Uncommon trap: reason=unstable_if action=reinterpret pc=0x00000000047ddc48 method=kotlin.reflect.jvm.internal.impl.protobuf.CodedInputStream.readRawVarint32()I @ 10
Event: 5.308 Thread 0x000000001b34d800 Uncommon trap: reason=unstable_if action=reinterpret pc=0x000000000486d194 method=org.gradle.internal.reflect.PropertyAccessorType.of(Ljava/lang/reflect/Method;)Lorg/gradle/internal/reflect/PropertyAccessorType; @ 4
Event: 5.541 Thread 0x000000001b34d800 Uncommon trap: reason=bimorphic action=maybe_recompile pc=0x0000000003beb744 method=java.util.regex.Pattern$Slice.match(Ljava/util/regex/Matcher;ILjava/lang/CharSequence;)Z @ 75
Event: 5.541 Thread 0x000000001b34d800 Uncommon trap: reason=unstable_if action=reinterpret pc=0x0000000004625028 method=java.util.regex.Pattern$GroupTail.match(Ljava/util/regex/Matcher;ILjava/lang/CharSequence;)Z @ 73
Event: 5.554 Thread 0x000000001b34d800 Uncommon trap: reason=bimorphic action=maybe_recompile pc=0x0000000003beb744 method=java.util.regex.Pattern$Slice.match(Ljava/util/regex/Matcher;ILjava/lang/CharSequence;)Z @ 75
Event: 5.558 Thread 0x000000001b34d800 Uncommon trap: reason=bimorphic action=maybe_recompile pc=0x0000000003beb744 method=java.util.regex.Pattern$Slice.match(Ljava/util/regex/Matcher;ILjava/lang/CharSequence;)Z @ 75
Event: 5.561 Thread 0x000000001b34d800 Uncommon trap: reason=bimorphic action=maybe_recompile pc=0x0000000003beb744 method=java.util.regex.Pattern$Slice.match(Ljava/util/regex/Matcher;ILjava/lang/CharSequence;)Z @ 75
Event: 5.564 Thread 0x000000001b34d800 Uncommon trap: reason=bimorphic action=maybe_recompile pc=0x0000000003bf009c method=java.util.regex.Pattern$Slice.match(Ljava/util/regex/Matcher;ILjava/lang/CharSequence;)Z @ 75
Event: 5.578 Thread 0x000000001b34d800 Uncommon trap: reason=unstable_if action=reinterpret pc=0x00000000041a0ba4 method=java.io.WinNTFileSystem.normalize(Ljava/lang/String;)Ljava/lang/String; @ 74

Classes redefined (0 events):
No events

Internal exceptions (10 events):
Event: 4.830 Thread 0x000000001b34d800 Exception <a 'java/lang/NoSuchMethodError': java.lang.Object.lambda$thenComparing$36697e65$1(Ljava/util/Comparator;Ljava/lang/Object;Ljava/lang/Object;)I> (0x00000000e2582e18) thrown at [D:\src\AOSP-openjdk-cygwin\jdk8u\hotspot\src\share\vm\interpreter\li
Event: 4.845 Thread 0x000000001b34d800 Exception <a 'java/lang/NoSuchMethodError': java.lang.Object.lambda$maxBy$1(Ljava/util/Comparator;Ljava/lang/Object;Ljava/lang/Object;)Ljava/lang/Object;> (0x00000000e2724528) thrown at [D:\src\AOSP-openjdk-cygwin\jdk8u\hotspot\src\share\vm\interpreter\li
Event: 4.928 Thread 0x000000001b34d800 Exception <a 'java/lang/NoSuchMethodError': java.lang.Object.lambda$comparingInt$7b0bb60$1(Ljava/util/function/ToIntFunction;Ljava/lang/Object;Ljava/lang/Object;)I> (0x00000000e2e65478) thrown at [D:\src\AOSP-openjdk-cygwin\jdk8u\hotspot\src\share\vm\inte
Event: 4.928 Thread 0x000000001b34d800 Exception <a 'java/lang/NoSuchMethodError': java.lang.Object.lambda$comparing$ea9a8b3a$1(Ljava/util/Comparator;Ljava/util/function/Function;Ljava/lang/Object;Ljava/lang/Object;)I> (0x00000000e2e6f830) thrown at [D:\src\AOSP-openjdk-cygwin\jdk8u\hotspot\sr
Event: 5.286 Thread 0x000000001b34d800 Exception <a 'java/lang/ClassNotFoundException': com/android/build/gradle/internal/api/ApkVariantOutputImpl_DecoratedBeanInfo> (0x00000000e6332770) thrown at [D:\src\AOSP-openjdk-cygwin\jdk8u\hotspot\src\share\vm\classfile\systemDictionary.cpp, line 210]
Event: 5.286 Thread 0x000000001b34d800 Exception <a 'java/lang/ClassNotFoundException': com/android/build/gradle/internal/api/ApkVariantOutputImplBeanInfo> (0x00000000e634e878) thrown at [D:\src\AOSP-openjdk-cygwin\jdk8u\hotspot\src\share\vm\classfile\systemDictionary.cpp, line 210]
Event: 5.287 Thread 0x000000001b34d800 Exception <a 'java/lang/ClassNotFoundException': com/android/build/gradle/internal/api/BaseVariantOutputImplBeanInfo> (0x00000000e636bac8) thrown at [D:\src\AOSP-openjdk-cygwin\jdk8u\hotspot\src\share\vm\classfile\systemDictionary.cpp, line 210]
Event: 5.287 Thread 0x000000001b34d800 Exception <a 'java/lang/ClassNotFoundException': com/android/build/gradle/internal/api/BaseVariantOutputImplCustomizer> (0x00000000e6389238) thrown at [D:\src\AOSP-openjdk-cygwin\jdk8u\hotspot\src\share\vm\classfile\systemDictionary.cpp, line 210]
Event: 5.288 Thread 0x000000001b34d800 Exception <a 'java/lang/ClassNotFoundException': com/android/build/gradle/internal/api/ApkVariantOutputImplCustomizer> (0x00000000e63c9de8) thrown at [D:\src\AOSP-openjdk-cygwin\jdk8u\hotspot\src\share\vm\classfile\systemDictionary.cpp, line 210]
Event: 5.288 Thread 0x000000001b34d800 Exception <a 'java/lang/ClassNotFoundException': com/android/build/gradle/internal/api/ApkVariantOutputImpl_DecoratedCustomizer> (0x00000000e63fc7e0) thrown at [D:\src\AOSP-openjdk-cygwin\jdk8u\hotspot\src\share\vm\classfile\systemDictionary.cpp, line 210

Events (10 events):
Event: 5.583 loading class org/gradle/api/internal/artifacts/dsl/LazyPublishArtifact$1
Event: 5.583 loading class org/gradle/api/internal/artifacts/dsl/LazyPublishArtifact$1 done
Event: 5.584 loading class org/gradle/api/artifacts/ConfigurablePublishArtifact
Event: 5.584 loading class org/gradle/api/artifacts/ConfigurablePublishArtifact done
Event: 5.584 loading class com/android/build/api/artifact/BuildableArtifact
Event: 5.584 loading class com/android/build/api/artifact/BuildableArtifact done
Event: 5.584 loading class com/android/build/api/artifact/BuildableArtifact
Event: 5.584 loading class com/android/build/api/artifact/BuildableArtifact done
Event: 5.584 loading class org/gradle/api/internal/provider/DefaultProvider
Event: 5.584 loading class org/gradle/api/internal/provider/DefaultProvider done


Dynamic libraries:
0x00007ff6a1980000 - 0x00007ff6a19b1000 	D:\AndroidStudio\jre\bin\java.exe
0x00007fff35540000 - 0x00007fff35730000 	C:\WINDOWS\SYSTEM32\ntdll.dll
0x00007fff335f0000 - 0x00007fff336a2000 	C:\WINDOWS\System32\KERNEL32.DLL
0x00007fff331e0000 - 0x00007fff33483000 	C:\WINDOWS\System32\KERNELBASE.dll
0x00007fff35450000 - 0x00007fff354f3000 	C:\WINDOWS\System32\ADVAPI32.dll
0x00007fff34ed0000 - 0x00007fff34f6e000 	C:\WINDOWS\System32\msvcrt.dll
0x00007fff33f50000 - 0x00007fff33fe7000 	C:\WINDOWS\System32\sechost.dll
0x00007fff34f80000 - 0x00007fff350a0000 	C:\WINDOWS\System32\RPCRT4.dll
0x00007fff350a0000 - 0x00007fff35234000 	C:\WINDOWS\System32\USER32.dll
0x00007fff335c0000 - 0x00007fff335e1000 	C:\WINDOWS\System32\win32u.dll
0x00007fff35350000 - 0x00007fff35376000 	C:\WINDOWS\System32\GDI32.dll
0x00007fff33040000 - 0x00007fff331d4000 	C:\WINDOWS\System32\gdi32full.dll
0x00007fff324d0000 - 0x00007fff3256e000 	C:\WINDOWS\System32\msvcp_win.dll
0x00007fff334c0000 - 0x00007fff335ba000 	C:\WINDOWS\System32\ucrtbase.dll
0x00007fff295f0000 - 0x00007fff29875000 	C:\WINDOWS\WinSxS\amd64_microsoft.windows.common-controls_6595b64144ccf1df_6.0.18362.418_none_e6c6b287130d565d\COMCTL32.dll
0x00007fff33ff0000 - 0x00007fff34326000 	C:\WINDOWS\System32\combase.dll
0x00007fff32f70000 - 0x00007fff32ff0000 	C:\WINDOWS\System32\bcryptPrimitives.dll
0x00007fff34dd0000 - 0x00007fff34dfe000 	C:\WINDOWS\System32\IMM32.DLL
0x000000006ab90000 - 0x000000006ac62000 	D:\AndroidStudio\jre\jre\bin\msvcr100.dll
0x000000006adb0000 - 0x000000006b5f1000 	D:\AndroidStudio\jre\jre\bin\server\jvm.dll
0x00007fff34f70000 - 0x00007fff34f78000 	C:\WINDOWS\System32\PSAPI.DLL
0x00007fff30390000 - 0x00007fff303b4000 	C:\WINDOWS\SYSTEM32\WINMM.dll
0x00007fff16db0000 - 0x00007fff16db9000 	C:\WINDOWS\SYSTEM32\WSOCK32.dll
0x00007fff2de00000 - 0x00007fff2de0a000 	C:\WINDOWS\SYSTEM32\VERSION.dll
0x00007fff34d60000 - 0x00007fff34dcf000 	C:\WINDOWS\System32\WS2_32.dll
0x00007fff30360000 - 0x00007fff3038d000 	C:\WINDOWS\SYSTEM32\winmmbase.dll
0x00007fff32ff0000 - 0x00007fff3303a000 	C:\WINDOWS\System32\cfgmgr32.dll
0x00007fff2ed70000 - 0x00007fff2ed7f000 	D:\AndroidStudio\jre\jre\bin\verify.dll
0x00007fff18e10000 - 0x00007fff18e39000 	D:\AndroidStudio\jre\jre\bin\java.dll
0x00007fff17b10000 - 0x00007fff17b26000 	D:\AndroidStudio\jre\jre\bin\zip.dll
0x00007fff33860000 - 0x00007fff33f45000 	C:\WINDOWS\System32\SHELL32.dll
0x00007fff352a0000 - 0x00007fff35349000 	C:\WINDOWS\System32\shcore.dll
0x00007fff327d0000 - 0x00007fff32f4f000 	C:\WINDOWS\System32\windows.storage.dll
0x00007fff324b0000 - 0x00007fff324cf000 	C:\WINDOWS\System32\profapi.dll
0x00007fff32440000 - 0x00007fff3248a000 	C:\WINDOWS\System32\powrprof.dll
0x00007fff32410000 - 0x00007fff32420000 	C:\WINDOWS\System32\UMPDC.dll
0x00007fff34880000 - 0x00007fff348d2000 	C:\WINDOWS\System32\shlwapi.dll
0x00007fff32490000 - 0x00007fff324a1000 	C:\WINDOWS\System32\kernel.appcore.dll
0x00007fff32f50000 - 0x00007fff32f67000 	C:\WINDOWS\System32\cryptsp.dll
0x00007fff17af0000 - 0x00007fff17b0a000 	D:\AndroidStudio\jre\jre\bin\net.dll
0x00007fff31c80000 - 0x00007fff31ce7000 	C:\WINDOWS\system32\mswsock.dll
0x00007fff074a0000 - 0x00007fff074b1000 	D:\AndroidStudio\jre\jre\bin\nio.dll
0x00007fff1fff0000 - 0x00007fff2000e000 	C:\Users\rr242\.gradle\native\25\windows-amd64\native-platform.dll
0x00007fff2ed60000 - 0x00007fff2ed6d000 	D:\AndroidStudio\jre\jre\bin\management.dll
0x00007fff317f0000 - 0x00007fff31823000 	C:\WINDOWS\system32\rsaenh.dll
0x00007fff33490000 - 0x00007fff334b6000 	C:\WINDOWS\System32\bcrypt.dll
0x00007fff32330000 - 0x00007fff32355000 	C:\WINDOWS\SYSTEM32\USERENV.dll
0x00007fff31e50000 - 0x00007fff31e5c000 	C:\WINDOWS\SYSTEM32\CRYPTBASE.dll
0x00007fff31990000 - 0x00007fff319ca000 	C:\WINDOWS\SYSTEM32\IPHLPAPI.DLL
0x00007fff34670000 - 0x00007fff34678000 	C:\WINDOWS\System32\NSI.dll
0x00007fff2b990000 - 0x00007fff2b9a6000 	C:\WINDOWS\SYSTEM32\dhcpcsvc6.DLL
0x00007fff2b970000 - 0x00007fff2b98c000 	C:\WINDOWS\SYSTEM32\dhcpcsvc.DLL
0x00007fff319d0000 - 0x00007fff31a9a000 	C:\WINDOWS\SYSTEM32\DNSAPI.dll

VM Arguments:
jvm_args: -Xmx1536m -Dfile.encoding=x-windows-949 -Duser.country=KR -Duser.language=ko -Duser.variant 
java_command: org.gradle.launcher.daemon.bootstrap.GradleDaemon 5.1.1
java_class_path (initial): C:\Users\rr242\.gradle\wrapper\dists\gradle-5.1.1-all\97z1ksx6lirer3kbvdnh7jtjg\gradle-5.1.1\lib\gradle-launcher-5.1.1.jar
Launcher Type: SUN_STANDARD

Environment Variables:
PATH=C:\Program Files (x86)\Common Files\Intel\Shared Libraries\redist\intel64\compiler;C:\Program Files (x86)\NetSarang\Xshell 6\;C:\Program Files\Microsoft MPI\Bin\;C:\Program Files (x86)\Intel\Intel(R) Management Engine Components\iCLS\;C:\Program Files\Intel\Intel(R) Management Engine Components\iCLS\;C:\Windows\system32;C:\Windows;C:\Windows\System32\Wbem;C:\Windows\System32\WindowsPowerShell\v1.0\;C:\Program Files (x86)\Intel\Intel(R) Management Engine Components\DAL;C:\Program Files\Intel\Intel(R) Management Engine Components\DAL;C:\Program Files (x86)\Intel\Intel(R) Management Engine Components\IPT;C:\Program Files\Intel\Intel(R) Management Engine Components\IPT;C:\Program Files (x86)\NVIDIA Corporation\PhysX\Common;C:\Program Files\NVIDIA Corporation\NVIDIA NvDLISR;C:\WINDOWS\system32;C:\WINDOWS;C:\WINDOWS\System32\Wbem;C:\WINDOWS\System32\WindowsPowerShell\v1.0\;C:\WINDOWS\System32\OpenSSH\;C:\Program Files\Java\jdk-11.0.2\bin;C:\Program Files\dotnet\;C:\Program Files\Git\cmd;C:\Program Files\Common Files\Autodesk Shared\;C:\Program Files\Microsoft SQL Server\120\Tools\Binn\;C:\Users\rr242\AppData\Local\Programs\Python\Python37-32\Scripts\;C:\Users\rr242\AppData\Local\Programs\Python\Python37-32\;C:\Users\rr242\AppData\Local\Microsoft\WindowsApps;;C:\Users\rr242\AppData\Local\Programs\Microsoft VS Code\bin
USERNAME=rr242
OS=Windows_NT
PROCESSOR_IDENTIFIER=Intel64 Family 6 Model 158 Stepping 9, GenuineIntel



---------------  S Y S T E M  ---------------

OS: Windows 10.0 , 64 bit Build 18362 (10.0.18362.329)

CPU:total 8 (initial active 8) (4 cores per cpu, 2 threads per core) family 6 model 158 stepping 9, cmov, cx8, fxsr, mmx, sse, sse2, sse3, ssse3, sse4.1, sse4.2, popcnt, avx, avx2, aes, clmul, erms, rtm, 3dnowpref, lzcnt, ht, tsc, tscinvbit, bmi1, bmi2, adx

Memory: 4k page, physical 16735860k(3701516k free), swap 25951860k(5172k free)

vm_info: OpenJDK 64-Bit Server VM (25.152-b01) for windows-amd64 JRE (1.8.0_152-release-1343-b01), built by "builder" with MS VC++ 10.0 (VS2010)

time: Wed Oct 16 06:55:44 2019
elapsed time: 5 seconds (0d 0h 0m 5s)

