#
# There is insufficient memory for the Java Runtime Environment to continue.
# Native memory allocation (malloc) failed to allocate 131088 bytes for Chunk::new
# Possible reasons:
#   The system is out of physical RAM or swap space
#   In 32 bit mode, the process size limit was hit
# Possible solutions:
#   Reduce memory load on the system
#   Increase physical memory or swap space
#   Check if swap backing store is full
#   Use 64 bit Java on a 64 bit OS
#   Decrease Java heap size (-Xmx/-Xms)
#   Decrease number of Java threads
#   Decrease Java thread stack sizes (-Xss)
#   Set larger code cache with -XX:ReservedCodeCacheSize=
# This output file may be truncated or incomplete.
#
#  Out of Memory Error (allocation.cpp:390), pid=12320, tid=0x0000000000002264
#
# JRE version: OpenJDK Runtime Environment (8.0_152-b01) (build 1.8.0_152-release-1343-b01)
# Java VM: OpenJDK 64-Bit Server VM (25.152-b01 mixed mode windows-amd64 compressed oops)
# Failed to write core dump. Minidumps are not enabled by default on client versions of Windows
#

---------------  T H R E A D  ---------------

Current thread (0x0000000018b4d800):  JavaThread "C2 CompilerThread0" daemon [_thread_in_native, id=8804, stack(0x00000000191c0000,0x00000000192c0000)]

Stack: [0x00000000191c0000,0x00000000192c0000]
[error occurred during error reporting (printing stack bounds), id 0xc0000005]

Native frames: (J=compiled Java code, j=interpreted, Vv=VM code, C=native code)


Current CompileTask:
C2:   6883 7361       4       java.io.ObjectOutputStream::writeClassDesc (60 bytes)


---------------  P R O C E S S  ---------------

Java Threads: ( => current thread )
  0x00000000212a0800 JavaThread "Cache worker for execution history cache (C:\Users\rr242\AndroidStudioProjects\OceanCompass2\.gradle\5.1.1\executionHistory)" [_thread_blocked, id=13656, stack(0x0000000025280000,0x0000000025380000)]
  0x000000002129e000 JavaThread "Execution worker for ':' Thread 7" [_thread_blocked, id=20096, stack(0x0000000025180000,0x0000000025280000)]
  0x00000000212a3800 JavaThread "Execution worker for ':' Thread 6" [_thread_blocked, id=17044, stack(0x0000000025080000,0x0000000025180000)]
  0x00000000212a1000 JavaThread "Execution worker for ':' Thread 5" [_thread_blocked, id=3188, stack(0x0000000024f80000,0x0000000025080000)]
  0x00000000217d2800 JavaThread "Execution worker for ':' Thread 4" [_thread_blocked, id=22664, stack(0x0000000024e80000,0x0000000024f80000)]
  0x00000000217d9000 JavaThread "Execution worker for ':' Thread 3" [_thread_blocked, id=5992, stack(0x0000000024d80000,0x0000000024e80000)]
  0x00000000217d8800 JavaThread "Execution worker for ':' Thread 2" [_thread_blocked, id=2664, stack(0x0000000024c80000,0x0000000024d80000)]
  0x00000000217d3000 JavaThread "Execution worker for ':'" [_thread_blocked, id=23588, stack(0x0000000024730000,0x0000000024830000)]
  0x00000000217d6000 JavaThread "Cache worker for file content cache (C:\Users\rr242\AndroidStudioProjects\OceanCompass2\.gradle\5.1.1\fileContent)" [_thread_blocked, id=23060, stack(0x0000000024980000,0x0000000024a80000)]
  0x00000000217d5800 JavaThread "Cache worker for file content cache (C:\Users\rr242\.gradle\caches\5.1.1\fileContent)" [_thread_blocked, id=4228, stack(0x0000000024880000,0x0000000024980000)]
  0x00000000217d7000 JavaThread "Memory manager" [_thread_blocked, id=19600, stack(0x00000000235f0000,0x00000000236f0000)]
  0x000000001dd3c800 JavaThread "Cache worker for Build Output Cleanup Cache (C:\Users\rr242\AndroidStudioProjects\OceanCompass2\.gradle\buildOutputCleanup)" [_thread_blocked, id=14164, stack(0x0000000022440000,0x0000000022540000)]
  0x000000001dd3a800 JavaThread "Build operations Thread 8" [_thread_blocked, id=1884, stack(0x0000000022ef0000,0x0000000022ff0000)]
  0x000000001dd39800 JavaThread "Build operations Thread 7" [_thread_blocked, id=12352, stack(0x0000000022df0000,0x0000000022ef0000)]
  0x000000001dd32000 JavaThread "Build operations Thread 6" [_thread_blocked, id=14344, stack(0x0000000022cf0000,0x0000000022df0000)]
  0x000000001dd39000 JavaThread "Build operations Thread 5" [_thread_blocked, id=19320, stack(0x0000000022bf0000,0x0000000022cf0000)]
  0x000000001dd31800 JavaThread "Build operations Thread 4" [_thread_blocked, id=23832, stack(0x0000000022af0000,0x0000000022bf0000)]
  0x000000001dd38000 JavaThread "Build operations Thread 3" [_thread_blocked, id=11748, stack(0x00000000229f0000,0x0000000022af0000)]
  0x000000001dd37800 JavaThread "Build operations Thread 2" [_thread_blocked, id=580, stack(0x00000000228f0000,0x00000000229f0000)]
  0x000000001dd36800 JavaThread "Build operations" [_thread_blocked, id=18876, stack(0x00000000227f0000,0x00000000228f0000)]
  0x000000001dd35000 JavaThread "Cache worker for execution history cache (C:\Users\rr242\.gradle\caches\5.1.1\executionHistory)" [_thread_blocked, id=7196, stack(0x0000000020f70000,0x0000000021070000)]
  0x000000001dd2e800 JavaThread "Cache worker for cache directory md-rule (C:\Users\rr242\.gradle\caches\5.1.1\md-rule)" [_thread_blocked, id=7368, stack(0x0000000020c70000,0x0000000020d70000)]
  0x000000001dd30000 JavaThread "Cache worker for cache directory md-supplier (C:\Users\rr242\.gradle\caches\5.1.1\md-supplier)" [_thread_blocked, id=13036, stack(0x0000000020930000,0x0000000020a30000)]
  0x0000000018b5a800 JavaThread "Cache worker for file hash cache (C:\Users\rr242\AndroidStudioProjects\OceanCompass2\.gradle\5.1.1\fileHashes)" [_thread_blocked, id=12932, stack(0x000000001e230000,0x000000001e330000)]
  0x0000000018b55800 JavaThread "Cache worker for journal cache (C:\Users\rr242\.gradle\caches\journal-1)" [_thread_blocked, id=20552, stack(0x000000001bf90000,0x000000001c090000)]
  0x000000001abc0000 JavaThread "File lock request listener" [_thread_in_native, id=11428, stack(0x000000001be90000,0x000000001bf90000)]
  0x000000001abbf000 JavaThread "Cache worker for file hash cache (C:\Users\rr242\.gradle\caches\5.1.1\fileHashes)" [_thread_blocked, id=16468, stack(0x000000001bd90000,0x000000001be90000)]
  0x000000001a810800 JavaThread "Thread-8" [_thread_blocked, id=22492, stack(0x000000001bc90000,0x000000001bd90000)]
  0x000000001a810000 JavaThread "Stdin handler" [_thread_blocked, id=16408, stack(0x000000001ba90000,0x000000001bb90000)]
  0x000000001a803000 JavaThread "Asynchronous log dispatcher for DefaultDaemonConnection: socket connection from /127.0.0.1:10065 to /127.0.0.1:10066" [_thread_blocked, id=1476, stack(0x000000001b990000,0x000000001ba90000)]
  0x000000001a876800 JavaThread "Daemon worker" [_thread_blocked, id=13044, stack(0x000000001b890000,0x000000001b990000)]
  0x000000001a817000 JavaThread "Cancel handler" [_thread_blocked, id=20068, stack(0x000000001b790000,0x000000001b890000)]
  0x000000001a566800 JavaThread "Handler for socket connection from /127.0.0.1:10065 to /127.0.0.1:10066" [_thread_in_native, id=24484, stack(0x000000001b490000,0x000000001b590000)]
  0x000000001a566000 JavaThread "Daemon" [_thread_blocked, id=11604, stack(0x000000001b390000,0x000000001b490000)]
  0x000000001a559800 JavaThread "Daemon periodic checks" [_thread_blocked, id=14920, stack(0x000000001b290000,0x000000001b390000)]
  0x000000001a7d6000 JavaThread "Incoming local TCP Connector on port 10065" [_thread_in_native, id=19944, stack(0x000000001b190000,0x000000001b290000)]
  0x0000000018be9800 JavaThread "Service Thread" daemon [_thread_blocked, id=24432, stack(0x00000000195c0000,0x00000000196c0000)]
  0x0000000018b57000 JavaThread "C1 CompilerThread3" daemon [_thread_blocked, id=4788, stack(0x00000000194c0000,0x00000000195c0000)]
  0x0000000018b56000 JavaThread "C2 CompilerThread2" daemon [_thread_in_native, id=23024, stack(0x00000000193c0000,0x00000000194c0000)]
  0x0000000018b4f800 JavaThread "C2 CompilerThread1" daemon [_thread_blocked, id=7780, stack(0x00000000192c0000,0x00000000193c0000)]
=>0x0000000018b4d800 JavaThread "C2 CompilerThread0" daemon [_thread_in_native, id=8804, stack(0x00000000191c0000,0x00000000192c0000)]
  0x0000000018b4c000 JavaThread "Attach Listener" daemon [_thread_blocked, id=22160, stack(0x00000000190c0000,0x00000000191c0000)]
  0x0000000018af9000 JavaThread "Signal Dispatcher" daemon [_thread_blocked, id=14544, stack(0x0000000018fc0000,0x00000000190c0000)]
  0x0000000018ae0800 JavaThread "Finalizer" daemon [_thread_blocked, id=23616, stack(0x0000000018ec0000,0x0000000018fc0000)]
  0x0000000002d16000 JavaThread "Reference Handler" daemon [_thread_blocked, id=23704, stack(0x00000000189c0000,0x0000000018ac0000)]
  0x0000000002e1e000 JavaThread "main" [_thread_blocked, id=1228, stack(0x0000000002710000,0x0000000002810000)]

Other Threads:
  0x0000000016bd8000 VMThread [stack: 0x00000000188c0000,0x00000000189c0000] [id=15588]
  0x0000000018beb000 WatcherThread [stack: 0x00000000196c0000,0x00000000197c0000] [id=9472]

VM state:not at safepoint (normal execution)

VM Mutex/Monitor currently owned by a thread: None

Heap:
 PSYoungGen      total 210944K, used 26145K [0x00000000e0000000, 0x00000000ee880000, 0x0000000100000000)
  eden space 193536K, 13% used [0x00000000e0000000,0x00000000e1988500,0x00000000ebd00000)
  from space 17408K, 0% used [0x00000000ed100000,0x00000000ed100000,0x00000000ee200000)
  to   space 20480K, 0% used [0x00000000ebd00000,0x00000000ebd00000,0x00000000ed100000)
 ParOldGen       total 279040K, used 36479K [0x00000000a0000000, 0x00000000b1080000, 0x00000000e0000000)
  object space 279040K, 13% used [0x00000000a0000000,0x00000000a239fe20,0x00000000b1080000)
 Metaspace       used 64272K, capacity 66014K, committed 67096K, reserved 1107968K
  class space    used 8691K, capacity 9050K, committed 9240K, reserved 1048576K

Card table byte_map: [0x00000000121e0000,0x00000000124f0000] byte_map_base: 0x0000000011ce0000

Marking Bits: (ParMarkBitMap*) 0x000000006b575aa0
 Begin Bits: [0x0000000012ef0000, 0x00000000146f0000)
 End Bits:   [0x00000000146f0000, 0x0000000015ef0000)

Polling page: 0x00000000005f0000

CodeCache: size=245760Kb used=20258Kb max_used=20269Kb free=225501Kb
 bounds [0x0000000002e20000, 0x0000000004210000, 0x0000000011e20000]
 total_blobs=7378 nmethods=6565 adapters=720
 compilation: enabled

Compilation events (10 events):
Event: 6.877 Thread 0x0000000018b57000 7388       3       com.google.common.collect.ImmutableMap$Builder::putAll (62 bytes)
Event: 6.877 Thread 0x0000000018b57000 nmethod 7388 0x00000000041fba10 code [0x00000000041fbc00, 0x00000000041fc578]
Event: 6.877 Thread 0x0000000018b57000 7389       3       com.google.common.collect.ImmutableMap::copyOf (41 bytes)
Event: 6.877 Thread 0x0000000018b57000 nmethod 7389 0x00000000041fe2d0 code [0x00000000041fe4a0, 0x00000000041fed38]
Event: 6.877 Thread 0x0000000018b57000 7391       3       com.google.common.collect.ImmutableSet$Builder::addAll (55 bytes)
Event: 6.877 Thread 0x0000000018b4f800 7392       4       java.nio.HeapByteBuffer::get (14 bytes)
Event: 6.878 Thread 0x0000000018b57000 nmethod 7391 0x00000000041fef90 code [0x00000000041ff160, 0x00000000041ff838]
Event: 6.878 Thread 0x0000000018b57000 7390       1       org.gradle.internal.ImmutableActionSet$SetWithManyActions::isEmpty (2 bytes)
Event: 6.878 Thread 0x0000000018b57000 nmethod 7390 0x00000000041fb750 code [0x00000000041fb8a0, 0x00000000041fb9b0]
Event: 6.878 Thread 0x0000000018b4f800 nmethod 7392 0x0000000004202790 code [0x00000000042028c0, 0x0000000004202998]

GC Heap History (10 events):
Event: 5.068 GC heap before
{Heap before GC invocations=11 (full 3):
 PSYoungGen      total 210944K, used 17382K [0x00000000e0000000, 0x00000000ee880000, 0x0000000100000000)
  eden space 193536K, 0% used [0x00000000e0000000,0x00000000e0000000,0x00000000ebd00000)
  from space 17408K, 99% used [0x00000000ed100000,0x00000000ee1f9968,0x00000000ee200000)
  to   space 20480K, 0% used [0x00000000ebd00000,0x00000000ebd00000,0x00000000ed100000)
 ParOldGen       total 182272K, used 23148K [0x00000000a0000000, 0x00000000ab200000, 0x00000000e0000000)
  object space 182272K, 12% used [0x00000000a0000000,0x00000000a169b1c8,0x00000000ab200000)
 Metaspace       used 57581K, capacity 59038K, committed 59160K, reserved 1099776K
  class space    used 7738K, capacity 8118K, committed 8216K, reserved 1048576K
Event: 5.257 GC heap after
Heap after GC invocations=11 (full 3):
 PSYoungGen      total 210944K, used 0K [0x00000000e0000000, 0x00000000ee880000, 0x0000000100000000)
  eden space 193536K, 0% used [0x00000000e0000000,0x00000000e0000000,0x00000000ebd00000)
  from space 17408K, 0% used [0x00000000ed100000,0x00000000ed100000,0x00000000ee200000)
  to   space 20480K, 0% used [0x00000000ebd00000,0x00000000ebd00000,0x00000000ed100000)
 ParOldGen       total 279040K, used 34584K [0x00000000a0000000, 0x00000000b1080000, 0x00000000e0000000)
  object space 279040K, 12% used [0x00000000a0000000,0x00000000a21c62e0,0x00000000b1080000)
 Metaspace       used 57581K, capacity 59038K, committed 59160K, reserved 1099776K
  class space    used 7738K, capacity 8118K, committed 8216K, reserved 1048576K
}
Event: 6.409 GC heap before
{Heap before GC invocations=12 (full 3):
 PSYoungGen      total 210944K, used 159501K [0x00000000e0000000, 0x00000000ee880000, 0x0000000100000000)
  eden space 193536K, 82% used [0x00000000e0000000,0x00000000e9bc36d0,0x00000000ebd00000)
  from space 17408K, 0% used [0x00000000ed100000,0x00000000ed100000,0x00000000ee200000)
  to   space 20480K, 0% used [0x00000000ebd00000,0x00000000ebd00000,0x00000000ed100000)
 ParOldGen       total 279040K, used 34584K [0x00000000a0000000, 0x00000000b1080000, 0x00000000e0000000)
  object space 279040K, 12% used [0x00000000a0000000,0x00000000a21c62e0,0x00000000b1080000)
 Metaspace       used 63712K, capacity 65860K, committed 65944K, reserved 1110016K
  class space    used 8608K, capacity 9051K, committed 9112K, reserved 1048576K
Event: 6.419 GC heap after
Heap after GC invocations=12 (full 3):
 PSYoungGen      total 214016K, used 16434K [0x00000000e0000000, 0x00000000ee880000, 0x0000000100000000)
  eden space 193536K, 0% used [0x00000000e0000000,0x00000000e0000000,0x00000000ebd00000)
  from space 20480K, 80% used [0x00000000ebd00000,0x00000000ecd0c938,0x00000000ed100000)
  to   space 17408K, 0% used [0x00000000ed100000,0x00000000ed100000,0x00000000ee200000)
 ParOldGen       total 279040K, used 34592K [0x00000000a0000000, 0x00000000b1080000, 0x00000000e0000000)
  object space 279040K, 12% used [0x00000000a0000000,0x00000000a21c82e0,0x00000000b1080000)
 Metaspace       used 63712K, capacity 65860K, committed 65944K, reserved 1110016K
  class space    used 8608K, capacity 9051K, committed 9112K, reserved 1048576K
}
Event: 6.419 GC heap before
{Heap before GC invocations=13 (full 4):
 PSYoungGen      total 214016K, used 16434K [0x00000000e0000000, 0x00000000ee880000, 0x0000000100000000)
  eden space 193536K, 0% used [0x00000000e0000000,0x00000000e0000000,0x00000000ebd00000)
  from space 20480K, 80% used [0x00000000ebd00000,0x00000000ecd0c938,0x00000000ed100000)
  to   space 17408K, 0% used [0x00000000ed100000,0x00000000ed100000,0x00000000ee200000)
 ParOldGen       total 279040K, used 34592K [0x00000000a0000000, 0x00000000b1080000, 0x00000000e0000000)
  object space 279040K, 12% used [0x00000000a0000000,0x00000000a21c82e0,0x00000000b1080000)
 Metaspace       used 63712K, capacity 65860K, committed 65944K, reserved 1110016K
  class space    used 8608K, capacity 9051K, committed 9112K, reserved 1048576K
Event: 6.504 GC heap after
Heap after GC invocations=13 (full 4):
 PSYoungGen      total 214016K, used 0K [0x00000000e0000000, 0x00000000ee880000, 0x0000000100000000)
  eden space 193536K, 0% used [0x00000000e0000000,0x00000000e0000000,0x00000000ebd00000)
  from space 20480K, 0% used [0x00000000ebd00000,0x00000000ebd00000,0x00000000ed100000)
  to   space 17408K, 0% used [0x00000000ed100000,0x00000000ed100000,0x00000000ee200000)
 ParOldGen       total 279040K, used 43455K [0x00000000a0000000, 0x00000000b1080000, 0x00000000e0000000)
  object space 279040K, 15% used [0x00000000a0000000,0x00000000a2a6ff90,0x00000000b1080000)
 Metaspace       used 63595K, capacity 65514K, committed 65944K, reserved 1107968K
  class space    used 8574K, capacity 8988K, committed 9112K, reserved 1048576K
}
Event: 6.504 GC heap before
{Heap before GC invocations=14 (full 4):
 PSYoungGen      total 214016K, used 0K [0x00000000e0000000, 0x00000000ee880000, 0x0000000100000000)
  eden space 193536K, 0% used [0x00000000e0000000,0x00000000e0000000,0x00000000ebd00000)
  from space 20480K, 0% used [0x00000000ebd00000,0x00000000ebd00000,0x00000000ed100000)
  to   space 17408K, 0% used [0x00000000ed100000,0x00000000ed100000,0x00000000ee200000)
 ParOldGen       total 279040K, used 43455K [0x00000000a0000000, 0x00000000b1080000, 0x00000000e0000000)
  object space 279040K, 15% used [0x00000000a0000000,0x00000000a2a6ff90,0x00000000b1080000)
 Metaspace       used 63595K, capacity 65514K, committed 65944K, reserved 1112064K
  class space    used 8574K, capacity 8988K, committed 9112K, reserved 1048576K
Event: 6.506 GC heap after
Heap after GC invocations=14 (full 4):
 PSYoungGen      total 210944K, used 0K [0x00000000e0000000, 0x00000000ee880000, 0x0000000100000000)
  eden space 193536K, 0% used [0x00000000e0000000,0x00000000e0000000,0x00000000ebd00000)
  from space 17408K, 0% used [0x00000000ed100000,0x00000000ed100000,0x00000000ee200000)
  to   space 20480K, 0% used [0x00000000ebd00000,0x00000000ebd00000,0x00000000ed100000)
 ParOldGen       total 279040K, used 43455K [0x00000000a0000000, 0x00000000b1080000, 0x00000000e0000000)
  object space 279040K, 15% used [0x00000000a0000000,0x00000000a2a6ff90,0x00000000b1080000)
 Metaspace       used 63595K, capacity 65514K, committed 65944K, reserved 1112064K
  class space    used 8574K, capacity 8988K, committed 9112K, reserved 1048576K
}
Event: 6.506 GC heap before
{Heap before GC invocations=15 (full 5):
 PSYoungGen      total 210944K, used 0K [0x00000000e0000000, 0x00000000ee880000, 0x0000000100000000)
  eden space 193536K, 0% used [0x00000000e0000000,0x00000000e0000000,0x00000000ebd00000)
  from space 17408K, 0% used [0x00000000ed100000,0x00000000ed100000,0x00000000ee200000)
  to   space 20480K, 0% used [0x00000000ebd00000,0x00000000ebd00000,0x00000000ed100000)
 ParOldGen       total 279040K, used 43455K [0x00000000a0000000, 0x00000000b1080000, 0x00000000e0000000)
  object space 279040K, 15% used [0x00000000a0000000,0x00000000a2a6ff90,0x00000000b1080000)
 Metaspace       used 63595K, capacity 65514K, committed 65944K, reserved 1112064K
  class space    used 8574K, capacity 8988K, committed 9112K, reserved 1048576K
Event: 6.663 GC heap after
Heap after GC invocations=15 (full 5):
 PSYoungGen      total 210944K, used 0K [0x00000000e0000000, 0x00000000ee880000, 0x0000000100000000)
  eden space 193536K, 0% used [0x00000000e0000000,0x00000000e0000000,0x00000000ebd00000)
  from space 17408K, 0% used [0x00000000ed100000,0x00000000ed100000,0x00000000ee200000)
  to   space 20480K, 0% used [0x00000000ebd00000,0x00000000ebd00000,0x00000000ed100000)
 ParOldGen       total 279040K, used 36479K [0x00000000a0000000, 0x00000000b1080000, 0x00000000e0000000)
  object space 279040K, 13% used [0x00000000a0000000,0x00000000a239fe20,0x00000000b1080000)
 Metaspace       used 63139K, capacity 64746K, committed 65944K, reserved 1107968K
  class space    used 8494K, capacity 8840K, committed 9112K, reserved 1048576K
}

Deoptimization events (10 events):
Event: 6.736 Thread 0x00000000217d8800 Uncommon trap: reason=unstable_if action=reinterpret pc=0x0000000003a5fe1c method=java.lang.ref.SoftReference.get()Ljava/lang/Object; @ 6
Event: 6.778 Thread 0x00000000217d8800 Uncommon trap: reason=class_check action=maybe_recompile pc=0x000000000386e1ec method=java.util.Collections$UnmodifiableList.get(I)Ljava/lang/Object; @ 5
Event: 6.778 Thread 0x00000000217d8800 Uncommon trap: reason=class_check action=maybe_recompile pc=0x000000000386e1ec method=java.util.Collections$UnmodifiableList.get(I)Ljava/lang/Object; @ 5
Event: 6.778 Thread 0x00000000217d8800 Uncommon trap: reason=class_check action=maybe_recompile pc=0x000000000386e1ec method=java.util.Collections$UnmodifiableList.get(I)Ljava/lang/Object; @ 5
Event: 6.778 Thread 0x00000000217d8800 Uncommon trap: reason=class_check action=maybe_recompile pc=0x000000000386e1ec method=java.util.Collections$UnmodifiableList.get(I)Ljava/lang/Object; @ 5
Event: 6.778 Thread 0x00000000217d8800 Uncommon trap: reason=class_check action=maybe_recompile pc=0x0000000002fa75a8 method=java.lang.String.equals(Ljava/lang/Object;)Z @ 8
Event: 6.800 Thread 0x00000000217d8800 Uncommon trap: reason=array_check action=maybe_recompile pc=0x00000000032a296c method=java.util.AbstractCollection.toArray([Ljava/lang/Object;)[Ljava/lang/Object; @ 119
Event: 6.810 Thread 0x00000000217d8800 Uncommon trap: reason=array_check action=maybe_recompile pc=0x00000000032a296c method=java.util.AbstractCollection.toArray([Ljava/lang/Object;)[Ljava/lang/Object; @ 119
Event: 6.813 Thread 0x00000000217d8800 Uncommon trap: reason=array_check action=maybe_recompile pc=0x00000000032a296c method=java.util.AbstractCollection.toArray([Ljava/lang/Object;)[Ljava/lang/Object; @ 119
Event: 6.823 Thread 0x00000000217d8800 Uncommon trap: reason=array_check action=maybe_recompile pc=0x00000000032a296c method=java.util.AbstractCollection.toArray([Ljava/lang/Object;)[Ljava/lang/Object; @ 119

Classes redefined (0 events):
No events

Internal exceptions (10 events):
Event: 6.670 Thread 0x00000000217d8800 Implicit null exception at 0x00000000040a1853 to 0x00000000040a7455
Event: 6.712 Thread 0x000000001a810800 Exception <a 'java/lang/NoSuchMethodError': <clinit>> (0x00000000e00cbb50) thrown at [D:\src\AOSP-openjdk-cygwin\jdk8u\hotspot\src\share\vm\prims\jni.cpp, line 1613]
Event: 6.712 Thread 0x000000001a810800 Exception <a 'java/lang/NoSuchMethodError': <clinit>> (0x00000000e00cded0) thrown at [D:\src\AOSP-openjdk-cygwin\jdk8u\hotspot\src\share\vm\prims\jni.cpp, line 1613]
Event: 6.712 Thread 0x000000001a810800 Exception <a 'java/lang/NoSuchMethodError': <clinit>> (0x00000000e00d7b50) thrown at [D:\src\AOSP-openjdk-cygwin\jdk8u\hotspot\src\share\vm\prims\jni.cpp, line 1613]
Event: 6.713 Thread 0x000000001a810800 Exception <a 'java/lang/NoSuchMethodError': <clinit>> (0x00000000e06374f0) thrown at [D:\src\AOSP-openjdk-cygwin\jdk8u\hotspot\src\share\vm\prims\jni.cpp, line 1613]
Event: 6.713 Thread 0x000000001a810800 Exception <a 'java/lang/NoSuchMethodError': <clinit>> (0x00000000e0640be0) thrown at [D:\src\AOSP-openjdk-cygwin\jdk8u\hotspot\src\share\vm\prims\jni.cpp, line 1613]
Event: 6.714 Thread 0x000000001a810800 Exception <a 'java/lang/NoSuchMethodError': <clinit>> (0x00000000e0655f20) thrown at [D:\src\AOSP-openjdk-cygwin\jdk8u\hotspot\src\share\vm\prims\jni.cpp, line 1613]
Event: 6.714 Thread 0x000000001a810800 Exception <a 'java/lang/NoSuchMethodError': <clinit>> (0x00000000e0656c38) thrown at [D:\src\AOSP-openjdk-cygwin\jdk8u\hotspot\src\share\vm\prims\jni.cpp, line 1613]
Event: 6.714 Thread 0x000000001a810800 Exception <a 'java/lang/NoSuchMethodError': <clinit>> (0x00000000e06581f8) thrown at [D:\src\AOSP-openjdk-cygwin\jdk8u\hotspot\src\share\vm\prims\jni.cpp, line 1613]
Event: 6.736 Thread 0x00000000217d8800 Implicit null exception at 0x0000000003a5fa97 to 0x0000000003a5fe05

Events (10 events):
Event: 6.872 loading class com/android/build/gradle/internal/scope/ApkData
Event: 6.872 loading class com/android/build/gradle/internal/scope/ApkData done
Event: 6.875 loading class com/android/build/gradle/internal/tasks/featuresplit/FeatureSetMetadata
Event: 6.875 loading class com/android/build/gradle/internal/tasks/featuresplit/FeatureSetMetadata done
Event: 6.876 loading class com/android/build/gradle/internal/tasks/featuresplit/FeatureSetMetadata$SupplierProvider
Event: 6.876 loading class com/android/build/gradle/internal/tasks/featuresplit/FeatureSetMetadata$SupplierProvider done
Event: 6.876 loading class com/android/build/gradle/internal/tasks/featuresplit/FeatureSetMetadata$SupplierProviderImpl
Event: 6.876 loading class com/android/build/gradle/internal/tasks/featuresplit/FeatureSetMetadata$SupplierProviderImpl done
Event: 6.880 loading class com/android/builder/testing/api/DeviceConfigProvider
Event: 6.880 loading class com/android/builder/testing/api/DeviceConfigProvider done


Dynamic libraries:
0x00007ff6a1980000 - 0x00007ff6a19b1000 	D:\AndroidStudio\jre\bin\java.exe
0x00007fff35540000 - 0x00007fff35730000 	C:\WINDOWS\SYSTEM32\ntdll.dll
0x00007fff335f0000 - 0x00007fff336a2000 	C:\WINDOWS\System32\KERNEL32.DLL
0x00007fff331e0000 - 0x00007fff33483000 	C:\WINDOWS\System32\KERNELBASE.dll
0x00007fff35450000 - 0x00007fff354f3000 	C:\WINDOWS\System32\ADVAPI32.dll
0x00007fff34ed0000 - 0x00007fff34f6e000 	C:\WINDOWS\System32\msvcrt.dll
0x00007fff33f50000 - 0x00007fff33fe7000 	C:\WINDOWS\System32\sechost.dll
0x00007fff34f80000 - 0x00007fff350a0000 	C:\WINDOWS\System32\RPCRT4.dll
0x00007fff350a0000 - 0x00007fff35234000 	C:\WINDOWS\System32\USER32.dll
0x00007fff335c0000 - 0x00007fff335e1000 	C:\WINDOWS\System32\win32u.dll
0x00007fff35350000 - 0x00007fff35376000 	C:\WINDOWS\System32\GDI32.dll
0x00007fff33040000 - 0x00007fff331d4000 	C:\WINDOWS\System32\gdi32full.dll
0x00007fff324d0000 - 0x00007fff3256e000 	C:\WINDOWS\System32\msvcp_win.dll
0x00007fff334c0000 - 0x00007fff335ba000 	C:\WINDOWS\System32\ucrtbase.dll
0x00007fff295f0000 - 0x00007fff29875000 	C:\WINDOWS\WinSxS\amd64_microsoft.windows.common-controls_6595b64144ccf1df_6.0.18362.418_none_e6c6b287130d565d\COMCTL32.dll
0x00007fff33ff0000 - 0x00007fff34326000 	C:\WINDOWS\System32\combase.dll
0x00007fff32f70000 - 0x00007fff32ff0000 	C:\WINDOWS\System32\bcryptPrimitives.dll
0x00007fff34dd0000 - 0x00007fff34dfe000 	C:\WINDOWS\System32\IMM32.DLL
0x000000006ab90000 - 0x000000006ac62000 	D:\AndroidStudio\jre\jre\bin\msvcr100.dll
0x000000006adb0000 - 0x000000006b5f1000 	D:\AndroidStudio\jre\jre\bin\server\jvm.dll
0x00007fff34f70000 - 0x00007fff34f78000 	C:\WINDOWS\System32\PSAPI.DLL
0x00007fff16db0000 - 0x00007fff16db9000 	C:\WINDOWS\SYSTEM32\WSOCK32.dll
0x00007fff2de00000 - 0x00007fff2de0a000 	C:\WINDOWS\SYSTEM32\VERSION.dll
0x00007fff30390000 - 0x00007fff303b4000 	C:\WINDOWS\SYSTEM32\WINMM.dll
0x00007fff34d60000 - 0x00007fff34dcf000 	C:\WINDOWS\System32\WS2_32.dll
0x00007fff30360000 - 0x00007fff3038d000 	C:\WINDOWS\SYSTEM32\winmmbase.dll
0x00007fff32ff0000 - 0x00007fff3303a000 	C:\WINDOWS\System32\cfgmgr32.dll
0x00007fff2ed70000 - 0x00007fff2ed7f000 	D:\AndroidStudio\jre\jre\bin\verify.dll
0x00007fff18e10000 - 0x00007fff18e39000 	D:\AndroidStudio\jre\jre\bin\java.dll
0x00007fff17b10000 - 0x00007fff17b26000 	D:\AndroidStudio\jre\jre\bin\zip.dll
0x00007fff33860000 - 0x00007fff33f45000 	C:\WINDOWS\System32\SHELL32.dll
0x00007fff352a0000 - 0x00007fff35349000 	C:\WINDOWS\System32\shcore.dll
0x00007fff327d0000 - 0x00007fff32f4f000 	C:\WINDOWS\System32\windows.storage.dll
0x00007fff324b0000 - 0x00007fff324cf000 	C:\WINDOWS\System32\profapi.dll
0x00007fff32440000 - 0x00007fff3248a000 	C:\WINDOWS\System32\powrprof.dll
0x00007fff32410000 - 0x00007fff32420000 	C:\WINDOWS\System32\UMPDC.dll
0x00007fff34880000 - 0x00007fff348d2000 	C:\WINDOWS\System32\shlwapi.dll
0x00007fff32490000 - 0x00007fff324a1000 	C:\WINDOWS\System32\kernel.appcore.dll
0x00007fff32f50000 - 0x00007fff32f67000 	C:\WINDOWS\System32\cryptsp.dll
0x00007fff17af0000 - 0x00007fff17b0a000 	D:\AndroidStudio\jre\jre\bin\net.dll
0x00007fff31c80000 - 0x00007fff31ce7000 	C:\WINDOWS\system32\mswsock.dll
0x00007fff074a0000 - 0x00007fff074b1000 	D:\AndroidStudio\jre\jre\bin\nio.dll
0x00007fff1fff0000 - 0x00007fff2000e000 	C:\Users\rr242\.gradle\native\25\windows-amd64\native-platform.dll
0x00007fff2ed60000 - 0x00007fff2ed6d000 	D:\AndroidStudio\jre\jre\bin\management.dll
0x00007fff317f0000 - 0x00007fff31823000 	C:\WINDOWS\system32\rsaenh.dll
0x00007fff33490000 - 0x00007fff334b6000 	C:\WINDOWS\System32\bcrypt.dll
0x00007fff32330000 - 0x00007fff32355000 	C:\WINDOWS\SYSTEM32\USERENV.dll
0x00007fff31e50000 - 0x00007fff31e5c000 	C:\WINDOWS\SYSTEM32\CRYPTBASE.dll
0x00007fff31990000 - 0x00007fff319ca000 	C:\WINDOWS\SYSTEM32\IPHLPAPI.DLL
0x00007fff34670000 - 0x00007fff34678000 	C:\WINDOWS\System32\NSI.dll
0x00007fff2b990000 - 0x00007fff2b9a6000 	C:\WINDOWS\SYSTEM32\dhcpcsvc6.DLL
0x00007fff2b970000 - 0x00007fff2b98c000 	C:\WINDOWS\SYSTEM32\dhcpcsvc.DLL
0x00007fff319d0000 - 0x00007fff31a9a000 	C:\WINDOWS\SYSTEM32\DNSAPI.dll

VM Arguments:
jvm_args: -Xmx1536m -Dfile.encoding=x-windows-949 -Duser.country=KR -Duser.language=ko -Duser.variant 
java_command: org.gradle.launcher.daemon.bootstrap.GradleDaemon 5.1.1
java_class_path (initial): C:\Users\rr242\.gradle\wrapper\dists\gradle-5.1.1-all\97z1ksx6lirer3kbvdnh7jtjg\gradle-5.1.1\lib\gradle-launcher-5.1.1.jar
Launcher Type: SUN_STANDARD

Environment Variables:
PATH=C:\Program Files (x86)\Common Files\Intel\Shared Libraries\redist\intel64\compiler;C:\Program Files (x86)\NetSarang\Xshell 6\;C:\Program Files\Microsoft MPI\Bin\;C:\Program Files (x86)\Intel\Intel(R) Management Engine Components\iCLS\;C:\Program Files\Intel\Intel(R) Management Engine Components\iCLS\;C:\Windows\system32;C:\Windows;C:\Windows\System32\Wbem;C:\Windows\System32\WindowsPowerShell\v1.0\;C:\Program Files (x86)\Intel\Intel(R) Management Engine Components\DAL;C:\Program Files\Intel\Intel(R) Management Engine Components\DAL;C:\Program Files (x86)\Intel\Intel(R) Management Engine Components\IPT;C:\Program Files\Intel\Intel(R) Management Engine Components\IPT;C:\Program Files (x86)\NVIDIA Corporation\PhysX\Common;C:\Program Files\NVIDIA Corporation\NVIDIA NvDLISR;C:\WINDOWS\system32;C:\WINDOWS;C:\WINDOWS\System32\Wbem;C:\WINDOWS\System32\WindowsPowerShell\v1.0\;C:\WINDOWS\System32\OpenSSH\;C:\Program Files\Java\jdk-11.0.2\bin;C:\Program Files\dotnet\;C:\Program Files\Git\cmd;C:\Program Files\Common Files\Autodesk Shared\;C:\Program Files\Microsoft SQL Server\120\Tools\Binn\;C:\Users\rr242\AppData\Local\Programs\Python\Python37-32\Scripts\;C:\Users\rr242\AppData\Local\Programs\Python\Python37-32\;C:\Users\rr242\AppData\Local\Microsoft\WindowsApps;;C:\Users\rr242\AppData\Local\Programs\Microsoft VS Code\bin
USERNAME=rr242
OS=Windows_NT
PROCESSOR_IDENTIFIER=Intel64 Family 6 Model 158 Stepping 9, GenuineIntel



---------------  S Y S T E M  ---------------

OS: Windows 10.0 , 64 bit Build 18362 (10.0.18362.329)

CPU:total 8 (initial active 8) (4 cores per cpu, 2 threads per core) family 6 model 158 stepping 9, cmov, cx8, fxsr, mmx, sse, sse2, sse3, ssse3, sse4.1, sse4.2, popcnt, avx, avx2, aes, clmul, erms, rtm, 3dnowpref, lzcnt, ht, tsc, tscinvbit, bmi1, bmi2, adx

Memory: 4k page, physical 16735860k(3406588k free), swap 25951860k(784k free)

vm_info: OpenJDK 64-Bit Server VM (25.152-b01) for windows-amd64 JRE (1.8.0_152-release-1343-b01), built by "builder" with MS VC++ 10.0 (VS2010)

time: Wed Oct 16 06:57:01 2019
elapsed time: 6 seconds (0d 0h 0m 6s)

