#
# There is insufficient memory for the Java Runtime Environment to continue.
# Native memory allocation (malloc) failed to allocate 32744 bytes for ChunkPool::allocate
# Possible reasons:
#   The system is out of physical RAM or swap space
#   In 32 bit mode, the process size limit was hit
# Possible solutions:
#   Reduce memory load on the system
#   Increase physical memory or swap space
#   Check if swap backing store is full
#   Use 64 bit Java on a 64 bit OS
#   Decrease Java heap size (-Xmx/-Xms)
#   Decrease number of Java threads
#   Decrease Java thread stack sizes (-Xss)
#   Set larger code cache with -XX:ReservedCodeCacheSize=
# This output file may be truncated or incomplete.
#
#  Out of Memory Error (allocation.cpp:273), pid=19392, tid=0x0000000000001e94
#
# JRE version: OpenJDK Runtime Environment (8.0_152-b01) (build 1.8.0_152-release-1343-b01)
# Java VM: OpenJDK 64-Bit Server VM (25.152-b01 mixed mode windows-amd64 compressed oops)
# Failed to write core dump. Minidumps are not enabled by default on client versions of Windows
#

---------------  T H R E A D  ---------------

Current thread (0x0000000016779000):  JavaThread "C2 CompilerThread1" daemon [_thread_in_native, id=7828, stack(0x0000000018e70000,0x0000000018f70000)]

Stack: [0x0000000018e70000,0x0000000018f70000]
[error occurred during error reporting (printing stack bounds), id 0xc0000005]

Native frames: (J=compiled Java code, j=interpreted, Vv=VM code, C=native code)


Current CompileTask:
C2:  25730 9712       4       java.util.TimSort::mergeHi (732 bytes)


---------------  P R O C E S S  ---------------

Java Threads: ( => current thread )
  0x000000001c641000 JavaThread "ForkJoinPool-1-worker-0" daemon [_thread_blocked, id=8004, stack(0x00000000275e0000,0x00000000276e0000)]
  0x000000001c642800 JavaThread "ForkJoinPool-1-worker-7" daemon [_thread_blocked, id=6624, stack(0x00000000274e0000,0x00000000275e0000)]
  0x000000001c647000 JavaThread "ForkJoinPool-1-worker-6" daemon [_thread_blocked, id=6420, stack(0x00000000273e0000,0x00000000274e0000)]
  0x000000001c63f800 JavaThread "ForkJoinPool-1-worker-5" daemon [_thread_blocked, id=23984, stack(0x00000000272e0000,0x00000000273e0000)]
  0x000000001c646800 JavaThread "ForkJoinPool-1-worker-4" daemon [_thread_in_Java, id=14484, stack(0x00000000271e0000,0x00000000272e0000)]
  0x000000001c642000 JavaThread "ForkJoinPool-1-worker-3" daemon [_thread_blocked, id=9408, stack(0x00000000270e0000,0x00000000271e0000)]
  0x000000001c63f000 JavaThread "ForkJoinPool-1-worker-2" daemon [_thread_blocked, id=9804, stack(0x0000000026fe0000,0x00000000270e0000)]
  0x000000001c645800 JavaThread "ForkJoinPool-1-worker-1" daemon [_thread_blocked, id=23236, stack(0x0000000026b40000,0x0000000026c40000)]
  0x000000001c63e000 JavaThread "ForkJoinPool.commonPool-worker-7" daemon [_thread_blocked, id=7984, stack(0x0000000026140000,0x0000000026240000)]
  0x000000001d9d5800 JavaThread "ForkJoinPool.commonPool-worker-6" daemon [_thread_blocked, id=2688, stack(0x0000000026040000,0x0000000026140000)]
  0x0000000019854000 JavaThread "ForkJoinPool.commonPool-worker-5" daemon [_thread_blocked, id=21836, stack(0x0000000025f40000,0x0000000026040000)]
  0x0000000019858000 JavaThread "ForkJoinPool.commonPool-worker-4" daemon [_thread_blocked, id=11360, stack(0x0000000025e40000,0x0000000025f40000)]
  0x0000000019853800 JavaThread "ForkJoinPool.commonPool-worker-3" daemon [_thread_blocked, id=6164, stack(0x0000000025d40000,0x0000000025e40000)]
  0x0000000019852800 JavaThread "ForkJoinPool.commonPool-worker-2" daemon [_thread_blocked, id=18856, stack(0x0000000025c40000,0x0000000025d40000)]
  0x0000000019851000 JavaThread "ForkJoinPool.commonPool-worker-1" daemon [_thread_blocked, id=14288, stack(0x0000000025740000,0x0000000025840000)]
  0x0000000019851800 JavaThread "RMI TCP Connection(1)-127.0.0.1" daemon [_thread_in_native, id=23072, stack(0x0000000025b40000,0x0000000025c40000)]
  0x0000000019855000 JavaThread "RMI Reaper" [_thread_blocked, id=22972, stack(0x0000000025a40000,0x0000000025b40000)]
  0x0000000019855800 JavaThread "RMI TCP Accept-0" daemon [_thread_in_native, id=996, stack(0x0000000025940000,0x0000000025a40000)]
  0x0000000019857000 JavaThread "GC Daemon" daemon [_thread_blocked, id=13688, stack(0x0000000025840000,0x0000000025940000)]
  0x000000001d9d2800 JavaThread "RMI Scheduler(0)" daemon [_thread_blocked, id=19476, stack(0x0000000025640000,0x0000000025740000)]
  0x000000001d9d5000 JavaThread "Cache worker for execution history cache (C:\Users\rr242\AndroidStudioProjects\OceanCompass2\.gradle\5.1.1\executionHistory)" [_thread_blocked, id=24296, stack(0x0000000024f40000,0x0000000025040000)]
  0x000000001d9d4000 JavaThread "Execution worker for ':' Thread 7" [_thread_blocked, id=12308, stack(0x0000000024e40000,0x0000000024f40000)]
  0x000000001d9d3000 JavaThread "Execution worker for ':' Thread 6" [_thread_blocked, id=24488, stack(0x0000000024d40000,0x0000000024e40000)]
  0x000000001d9d0000 JavaThread "Execution worker for ':' Thread 5" [_thread_blocked, id=16388, stack(0x0000000024c40000,0x0000000024d40000)]
  0x000000001d9d7000 JavaThread "Execution worker for ':' Thread 4" [_thread_blocked, id=1088, stack(0x0000000024b40000,0x0000000024c40000)]
  0x000000001d9c8800 JavaThread "Execution worker for ':' Thread 3" [_thread_blocked, id=13940, stack(0x0000000024a40000,0x0000000024b40000)]
  0x000000001d9cf800 JavaThread "Execution worker for ':' Thread 2" [_thread_blocked, id=20044, stack(0x0000000024690000,0x0000000024790000)]
  0x000000001d9cc800 JavaThread "Execution worker for ':'" [_thread_blocked, id=16660, stack(0x0000000024590000,0x0000000024690000)]
  0x000000001d9cb000 JavaThread "Cache worker for file content cache (C:\Users\rr242\AndroidStudioProjects\OceanCompass2\.gradle\5.1.1\fileContent)" [_thread_blocked, id=9144, stack(0x0000000024490000,0x0000000024590000)]
  0x000000001d9cd000 JavaThread "Cache worker for file content cache (C:\Users\rr242\.gradle\caches\5.1.1\fileContent)" [_thread_blocked, id=20280, stack(0x0000000024390000,0x0000000024490000)]
  0x000000001d9ce800 JavaThread "Memory manager" [_thread_blocked, id=11908, stack(0x0000000023240000,0x0000000023340000)]
  0x000000001d9c9800 JavaThread "Cache worker for Build Output Cleanup Cache (C:\Users\rr242\AndroidStudioProjects\OceanCompass2\.gradle\buildOutputCleanup)" [_thread_blocked, id=7056, stack(0x0000000023140000,0x0000000023240000)]
  0x000000001977b800 JavaThread "Build operations Thread 8" [_thread_blocked, id=21348, stack(0x0000000022a40000,0x0000000022b40000)]
  0x0000000019781800 JavaThread "Build operations Thread 7" [_thread_blocked, id=7692, stack(0x0000000022940000,0x0000000022a40000)]
  0x000000001977f000 JavaThread "Build operations Thread 6" [_thread_blocked, id=23140, stack(0x0000000022840000,0x0000000022940000)]
  0x000000001977d800 JavaThread "Build operations Thread 5" [_thread_blocked, id=4684, stack(0x00000000224e0000,0x00000000225e0000)]
  0x0000000019782000 JavaThread "Build operations Thread 4" [_thread_blocked, id=20544, stack(0x00000000223e0000,0x00000000224e0000)]
  0x0000000019780000 JavaThread "Build operations Thread 3" [_thread_blocked, id=20200, stack(0x00000000222e0000,0x00000000223e0000)]
  0x0000000019780800 JavaThread "Build operations Thread 2" [_thread_blocked, id=10900, stack(0x00000000221e0000,0x00000000222e0000)]
  0x000000001977c000 JavaThread "Build operations" [_thread_blocked, id=18164, stack(0x0000000021fa0000,0x00000000220a0000)]
  0x000000001977d000 JavaThread "Cache worker for execution history cache (C:\Users\rr242\.gradle\caches\5.1.1\executionHistory)" [_thread_blocked, id=18612, stack(0x00000000220e0000,0x00000000221e0000)]
  0x0000000019777800 JavaThread "Cache worker for cache directory md-rule (C:\Users\rr242\.gradle\caches\5.1.1\md-rule)" [_thread_blocked, id=2556, stack(0x0000000020cd0000,0x0000000020dd0000)]
  0x0000000019775800 JavaThread "Cache worker for cache directory md-supplier (C:\Users\rr242\.gradle\caches\5.1.1\md-supplier)" [_thread_blocked, id=6024, stack(0x0000000020bd0000,0x0000000020cd0000)]
  0x000000001977a000 JavaThread "Cache worker for file hash cache (C:\Users\rr242\AndroidStudioProjects\OceanCompass2\.gradle\5.1.1\fileHashes)" [_thread_blocked, id=6928, stack(0x000000001dec0000,0x000000001dfc0000)]
  0x0000000019776000 JavaThread "Cache worker for journal cache (C:\Users\rr242\.gradle\caches\journal-1)" [_thread_blocked, id=2812, stack(0x000000001bc20000,0x000000001bd20000)]
  0x0000000019778800 JavaThread "File lock request listener" [_thread_in_native, id=17328, stack(0x000000001bb20000,0x000000001bc20000)]
  0x0000000019c2a000 JavaThread "Cache worker for file hash cache (C:\Users\rr242\.gradle\caches\5.1.1\fileHashes)" [_thread_blocked, id=9584, stack(0x000000001ba20000,0x000000001bb20000)]
  0x0000000019c29800 JavaThread "Thread-8" [_thread_blocked, id=13344, stack(0x000000001b920000,0x000000001ba20000)]
  0x0000000019c2c800 JavaThread "Stdin handler" [_thread_blocked, id=13504, stack(0x000000001b720000,0x000000001b820000)]
  0x0000000019c2b800 JavaThread "Asynchronous log dispatcher for DefaultDaemonConnection: socket connection from /127.0.0.1:9996 to /127.0.0.1:9998" [_thread_blocked, id=1280, stack(0x000000001b620000,0x000000001b720000)]
  0x0000000019c2e800 JavaThread "Daemon worker" [_thread_blocked, id=24092, stack(0x000000001b520000,0x000000001b620000)]
  0x0000000019c2e000 JavaThread "Cancel handler" [_thread_blocked, id=15456, stack(0x000000001b420000,0x000000001b520000)]
  0x0000000019c28800 JavaThread "Handler for socket connection from /127.0.0.1:9996 to /127.0.0.1:9998" [_thread_in_native, id=1636, stack(0x000000001b120000,0x000000001b220000)]
  0x0000000019c2f800 JavaThread "Daemon" [_thread_blocked, id=14356, stack(0x000000001b020000,0x000000001b120000)]
  0x0000000019c2b000 JavaThread "Daemon periodic checks" [_thread_blocked, id=7712, stack(0x000000001af20000,0x000000001b020000)]
  0x0000000019c2d000 JavaThread "Incoming local TCP Connector on port 9996" [_thread_in_native, id=8016, stack(0x000000001ad40000,0x000000001ae40000)]
  0x0000000018752000 JavaThread "Service Thread" daemon [_thread_blocked, id=24420, stack(0x0000000019170000,0x0000000019270000)]
  0x000000001870e800 JavaThread "C1 CompilerThread3" daemon [_thread_blocked, id=20400, stack(0x0000000019070000,0x0000000019170000)]
  0x0000000018708800 JavaThread "C2 CompilerThread2" daemon [_thread_in_native, id=21400, stack(0x0000000018f70000,0x0000000019070000)]
=>0x0000000016779000 JavaThread "C2 CompilerThread1" daemon [_thread_in_native, id=7828, stack(0x0000000018e70000,0x0000000018f70000)]
  0x0000000018704000 JavaThread "C2 CompilerThread0" daemon [_thread_in_native, id=17812, stack(0x0000000018d70000,0x0000000018e70000)]
  0x0000000018701000 JavaThread "Attach Listener" daemon [_thread_blocked, id=23636, stack(0x0000000018c70000,0x0000000018d70000)]
  0x00000000186ad800 JavaThread "Signal Dispatcher" daemon [_thread_blocked, id=20752, stack(0x0000000018b70000,0x0000000018c70000)]
  0x00000000029ae000 JavaThread "Finalizer" daemon [_thread_blocked, id=24012, stack(0x0000000018a70000,0x0000000018b70000)]
  0x00000000029a5000 JavaThread "Reference Handler" daemon [_thread_blocked, id=3172, stack(0x0000000018570000,0x0000000018670000)]
  0x00000000027ae000 JavaThread "main" [_thread_blocked, id=16400, stack(0x00000000027b0000,0x00000000028b0000)]

Other Threads:
  0x0000000016768800 VMThread [stack: 0x0000000018470000,0x0000000018570000] [id=3416]
  0x0000000018754000 WatcherThread [stack: 0x0000000019270000,0x0000000019370000] [id=19132]

VM state:not at safepoint (normal execution)

VM Mutex/Monitor currently owned by a thread: None

Heap:
 PSYoungGen      total 143872K, used 114674K [0x00000000e0000000, 0x00000000ec680000, 0x0000000100000000)
  eden space 125440K, 76% used [0x00000000e0000000,0x00000000e5dfe7c8,0x00000000e7a80000)
  from space 18432K, 99% used [0x00000000e7a80000,0x00000000e8c7e070,0x00000000e8c80000)
  to   space 29184K, 0% used [0x00000000eaa00000,0x00000000eaa00000,0x00000000ec680000)
 ParOldGen       total 187392K, used 56831K [0x00000000a0000000, 0x00000000ab700000, 0x00000000e0000000)
  object space 187392K, 30% used [0x00000000a0000000,0x00000000a377fd08,0x00000000ab700000)
 Metaspace       used 77147K, capacity 81182K, committed 81304K, reserved 1120256K
  class space    used 10580K, capacity 11342K, committed 11416K, reserved 1048576K

Card table byte_map: [0x0000000011d70000,0x0000000012080000] byte_map_base: 0x0000000011870000

Marking Bits: (ParMarkBitMap*) 0x000000006b575aa0
 Begin Bits: [0x0000000012a80000, 0x0000000014280000)
 End Bits:   [0x0000000014280000, 0x0000000015a80000)

Polling page: 0x00000000003f0000

CodeCache: size=245760Kb used=26378Kb max_used=26378Kb free=219381Kb
 bounds [0x00000000029b0000, 0x0000000004390000, 0x00000000119b0000]
 total_blobs=9576 nmethods=8725 adapters=763
 compilation: enabled

Compilation events (10 events):
Event: 25.713 Thread 0x0000000018704000 9899       4       java.util.TimSort::mergeLo (659 bytes)
Event: 25.719 Thread 0x000000001870e800 9901       2       com.android.tools.r8.dex.FileWriter::sizeOfCodeItem (256 bytes)
Event: 25.720 Thread 0x000000001870e800 nmethod 9901 0x0000000004372c10 code [0x0000000004372e00, 0x00000000043734a8]
Event: 25.720 Thread 0x000000001870e800 9902       2       com.android.tools.r8.dex.FileWriter::alignSize (12 bytes)
Event: 25.720 Thread 0x000000001870e800 nmethod 9902 0x00000000043706d0 code [0x0000000004370820, 0x0000000004370970]
Event: 25.721 Thread 0x000000001870e800 9903 %     3       com.android.tools.r8.dex.FileWriter::sizeOfCodeItem @ 19 (256 bytes)
Event: 25.722 Thread 0x000000001870e800 nmethod 9903% 0x0000000004376590 code [0x0000000004376820, 0x0000000004377868]
Event: 25.722 Thread 0x000000001870e800 9904       1       com.android.tools.r8.dex.FileWriter::alignSize (12 bytes)
Event: 25.722 Thread 0x000000001870e800 nmethod 9904 0x0000000004355350 code [0x00000000043554a0, 0x00000000043555b0]
Event: 25.723 Thread 0x000000001870e800 9905       3       com.android.tools.r8.dex.FileWriter::sizeOfCodeItem (256 bytes)

GC Heap History (10 events):
Event: 15.602 GC heap before
{Heap before GC invocations=12 (full 2):
 PSYoungGen      total 96768K, used 56344K [0x00000000e0000000, 0x00000000e8980000, 0x0000000100000000)
  eden space 83456K, 51% used [0x00000000e0000000,0x00000000e2a097f0,0x00000000e5180000)
  from space 13312K, 99% used [0x00000000e5180000,0x00000000e5e7ca30,0x00000000e5e80000)
  to   space 15360K, 0% used [0x00000000e7a80000,0x00000000e7a80000,0x00000000e8980000)
 ParOldGen       total 129536K, used 20192K [0x00000000a0000000, 0x00000000a7e80000, 0x00000000e0000000)
  object space 129536K, 15% used [0x00000000a0000000,0x00000000a13b8218,0x00000000a7e80000)
 Metaspace       used 57551K, capacity 59048K, committed 59160K, reserved 1099776K
  class space    used 7726K, capacity 8123K, committed 8216K, reserved 1048576K
Event: 15.611 GC heap after
Heap after GC invocations=12 (full 2):
 PSYoungGen      total 123904K, used 15349K [0x00000000e0000000, 0x00000000e8f80000, 0x0000000100000000)
  eden space 108544K, 0% used [0x00000000e0000000,0x00000000e0000000,0x00000000e6a00000)
  from space 15360K, 99% used [0x00000000e7a80000,0x00000000e897d6c8,0x00000000e8980000)
  to   space 16896K, 0% used [0x00000000e6a00000,0x00000000e6a00000,0x00000000e7a80000)
 ParOldGen       total 129536K, used 20545K [0x00000000a0000000, 0x00000000a7e80000, 0x00000000e0000000)
  object space 129536K, 15% used [0x00000000a0000000,0x00000000a14107f8,0x00000000a7e80000)
 Metaspace       used 57551K, capacity 59048K, committed 59160K, reserved 1099776K
  class space    used 7726K, capacity 8123K, committed 8216K, reserved 1048576K
}
Event: 15.611 GC heap before
{Heap before GC invocations=13 (full 3):
 PSYoungGen      total 123904K, used 15349K [0x00000000e0000000, 0x00000000e8f80000, 0x0000000100000000)
  eden space 108544K, 0% used [0x00000000e0000000,0x00000000e0000000,0x00000000e6a00000)
  from space 15360K, 99% used [0x00000000e7a80000,0x00000000e897d6c8,0x00000000e8980000)
  to   space 16896K, 0% used [0x00000000e6a00000,0x00000000e6a00000,0x00000000e7a80000)
 ParOldGen       total 129536K, used 20545K [0x00000000a0000000, 0x00000000a7e80000, 0x00000000e0000000)
  object space 129536K, 15% used [0x00000000a0000000,0x00000000a14107f8,0x00000000a7e80000)
 Metaspace       used 57551K, capacity 59048K, committed 59160K, reserved 1099776K
  class space    used 7726K, capacity 8123K, committed 8216K, reserved 1048576K
Event: 15.805 GC heap after
Heap after GC invocations=13 (full 3):
 PSYoungGen      total 123904K, used 0K [0x00000000e0000000, 0x00000000e8f80000, 0x0000000100000000)
  eden space 108544K, 0% used [0x00000000e0000000,0x00000000e0000000,0x00000000e6a00000)
  from space 15360K, 0% used [0x00000000e7a80000,0x00000000e7a80000,0x00000000e8980000)
  to   space 16896K, 0% used [0x00000000e6a00000,0x00000000e6a00000,0x00000000e7a80000)
 ParOldGen       total 187392K, used 30733K [0x00000000a0000000, 0x00000000ab700000, 0x00000000e0000000)
  object space 187392K, 16% used [0x00000000a0000000,0x00000000a1e03648,0x00000000ab700000)
 Metaspace       used 57551K, capacity 59048K, committed 59160K, reserved 1099776K
  class space    used 7726K, capacity 8123K, committed 8216K, reserved 1048576K
}
Event: 16.704 GC heap before
{Heap before GC invocations=14 (full 3):
 PSYoungGen      total 123904K, used 108544K [0x00000000e0000000, 0x00000000e8f80000, 0x0000000100000000)
  eden space 108544K, 100% used [0x00000000e0000000,0x00000000e6a00000,0x00000000e6a00000)
  from space 15360K, 0% used [0x00000000e7a80000,0x00000000e7a80000,0x00000000e8980000)
  to   space 16896K, 0% used [0x00000000e6a00000,0x00000000e6a00000,0x00000000e7a80000)
 ParOldGen       total 187392K, used 30733K [0x00000000a0000000, 0x00000000ab700000, 0x00000000e0000000)
  object space 187392K, 16% used [0x00000000a0000000,0x00000000a1e03648,0x00000000ab700000)
 Metaspace       used 62315K, capacity 64392K, committed 64792K, reserved 1105920K
  class space    used 8413K, capacity 8879K, committed 8984K, reserved 1048576K
Event: 16.713 GC heap after
Heap after GC invocations=14 (full 3):
 PSYoungGen      total 125440K, used 10833K [0x00000000e0000000, 0x00000000e9d80000, 0x0000000100000000)
  eden space 108544K, 0% used [0x00000000e0000000,0x00000000e0000000,0x00000000e6a00000)
  from space 16896K, 64% used [0x00000000e6a00000,0x00000000e74944e8,0x00000000e7a80000)
  to   space 16384K, 0% used [0x00000000e8d80000,0x00000000e8d80000,0x00000000e9d80000)
 ParOldGen       total 187392K, used 30741K [0x00000000a0000000, 0x00000000ab700000, 0x00000000e0000000)
  object space 187392K, 16% used [0x00000000a0000000,0x00000000a1e05648,0x00000000ab700000)
 Metaspace       used 62315K, capacity 64392K, committed 64792K, reserved 1105920K
  class space    used 8413K, capacity 8879K, committed 8984K, reserved 1048576K
}
Event: 23.169 GC heap before
{Heap before GC invocations=15 (full 3):
 PSYoungGen      total 125440K, used 119377K [0x00000000e0000000, 0x00000000e9d80000, 0x0000000100000000)
  eden space 108544K, 100% used [0x00000000e0000000,0x00000000e6a00000,0x00000000e6a00000)
  from space 16896K, 64% used [0x00000000e6a00000,0x00000000e74944e8,0x00000000e7a80000)
  to   space 16384K, 0% used [0x00000000e8d80000,0x00000000e8d80000,0x00000000e9d80000)
 ParOldGen       total 187392K, used 30741K [0x00000000a0000000, 0x00000000ab700000, 0x00000000e0000000)
  object space 187392K, 16% used [0x00000000a0000000,0x00000000a1e05648,0x00000000ab700000)
 Metaspace       used 67388K, capacity 69680K, committed 69912K, reserved 1110016K
  class space    used 9181K, capacity 9671K, committed 9752K, reserved 1048576K
Event: 23.180 GC heap after
Heap after GC invocations=15 (full 3):
 PSYoungGen      total 141824K, used 16377K [0x00000000e0000000, 0x00000000e9e80000, 0x0000000100000000)
  eden space 125440K, 0% used [0x00000000e0000000,0x00000000e0000000,0x00000000e7a80000)
  from space 16384K, 99% used [0x00000000e8d80000,0x00000000e9d7e400,0x00000000e9d80000)
  to   space 18432K, 0% used [0x00000000e7a80000,0x00000000e7a80000,0x00000000e8c80000)
 ParOldGen       total 187392K, used 32295K [0x00000000a0000000, 0x00000000ab700000, 0x00000000e0000000)
  object space 187392K, 17% used [0x00000000a0000000,0x00000000a1f89c18,0x00000000ab700000)
 Metaspace       used 67388K, capacity 69680K, committed 69912K, reserved 1110016K
  class space    used 9181K, capacity 9671K, committed 9752K, reserved 1048576K
}
Event: 25.125 GC heap before
{Heap before GC invocations=16 (full 3):
 PSYoungGen      total 141824K, used 141817K [0x00000000e0000000, 0x00000000e9e80000, 0x0000000100000000)
  eden space 125440K, 100% used [0x00000000e0000000,0x00000000e7a80000,0x00000000e7a80000)
  from space 16384K, 99% used [0x00000000e8d80000,0x00000000e9d7e400,0x00000000e9d80000)
  to   space 18432K, 0% used [0x00000000e7a80000,0x00000000e7a80000,0x00000000e8c80000)
 ParOldGen       total 187392K, used 32295K [0x00000000a0000000, 0x00000000ab700000, 0x00000000e0000000)
  object space 187392K, 17% used [0x00000000a0000000,0x00000000a1f89c18,0x00000000ab700000)
 Metaspace       used 76718K, capacity 80736K, committed 81048K, reserved 1118208K
  class space    used 10575K, capacity 11341K, committed 11416K, reserved 1048576K
Event: 25.146 GC heap after
Heap after GC invocations=16 (full 3):
 PSYoungGen      total 143872K, used 18424K [0x00000000e0000000, 0x00000000ec680000, 0x0000000100000000)
  eden space 125440K, 0% used [0x00000000e0000000,0x00000000e0000000,0x00000000e7a80000)
  from space 18432K, 99% used [0x00000000e7a80000,0x00000000e8c7e070,0x00000000e8c80000)
  to   space 29184K, 0% used [0x00000000eaa00000,0x00000000eaa00000,0x00000000ec680000)
 ParOldGen       total 187392K, used 56831K [0x00000000a0000000, 0x00000000ab700000, 0x00000000e0000000)
  object space 187392K, 30% used [0x00000000a0000000,0x00000000a377fd08,0x00000000ab700000)
 Metaspace       used 76718K, capacity 80736K, committed 81048K, reserved 1118208K
  class space    used 10575K, capacity 11341K, committed 11416K, reserved 1048576K
}

Deoptimization events (10 events):
Event: 25.503 Thread 0x000000001c646800 Uncommon trap: reason=class_check action=maybe_recompile pc=0x000000000425e714 method=java.util.TimSort.mergeLo(IIII)V @ 189
Event: 25.514 Thread 0x000000001c646800 Uncommon trap: reason=class_check action=maybe_recompile pc=0x0000000004264aac method=java.util.TimSort.mergeHi(IIII)V @ 227
Event: 25.514 Thread 0x000000001c646800 Uncommon trap: reason=class_check action=maybe_recompile pc=0x0000000004264aac method=java.util.TimSort.mergeHi(IIII)V @ 227
Event: 25.514 Thread 0x000000001c646800 Uncommon trap: reason=class_check action=maybe_recompile pc=0x0000000004264aac method=java.util.TimSort.mergeHi(IIII)V @ 227
Event: 25.514 Thread 0x000000001c646800 Uncommon trap: reason=class_check action=maybe_recompile pc=0x0000000004264aac method=java.util.TimSort.mergeHi(IIII)V @ 227
Event: 25.601 Thread 0x000000001c646800 Uncommon trap: reason=null_check action=make_not_entrant pc=0x0000000004127740 method=com.android.tools.r8.graph.DexString.computeEquals(Ljava/lang/Object;)Z @ 1
Event: 25.601 Thread 0x000000001c646800 Uncommon trap: reason=unstable_if action=reinterpret pc=0x00000000039dc4c0 method=java.util.Arrays.equals([Ljava/lang/Object;[Ljava/lang/Object;)Z @ 47
Event: 25.699 Thread 0x000000001c646800 Uncommon trap: reason=predicate action=maybe_recompile pc=0x00000000042d4a54 method=java.util.TimSort.reverseRange([Ljava/lang/Object;II)V @ 8
Event: 25.699 Thread 0x000000001c646800 Uncommon trap: reason=array_check action=maybe_recompile pc=0x00000000042b4210 method=java.util.TimSort.binarySort([Ljava/lang/Object;IIILjava/util/Comparator;)V @ 215
Event: 25.699 Thread 0x000000001c646800 Uncommon trap: reason=array_check action=maybe_recompile pc=0x00000000042b4210 method=java.util.TimSort.binarySort([Ljava/lang/Object;IIILjava/util/Comparator;)V @ 215

Classes redefined (0 events):
No events

Internal exceptions (10 events):
Event: 23.916 Thread 0x0000000019854000 Exception <a 'sun/nio/fs/WindowsException'> (0x00000000e49baf78) thrown at [D:\src\AOSP-openjdk-cygwin\jdk8u\hotspot\src\share\vm\prims\jni.cpp, line 709]
Event: 24.985 Thread 0x000000001c645800 Exception <a 'sun/nio/fs/WindowsException'> (0x00000000e5324730) thrown at [D:\src\AOSP-openjdk-cygwin\jdk8u\hotspot\src\share\vm\prims\jni.cpp, line 709]
Event: 25.080 Thread 0x000000001c63f000 Implicit null exception at 0x000000000338b2af to 0x000000000338b3a1
Event: 25.080 Thread 0x000000001c641000 Implicit null exception at 0x000000000338b2af to 0x000000000338b3a1
Event: 25.080 Thread 0x000000001c646800 Implicit null exception at 0x000000000338b2af to 0x000000000338b3a1
Event: 25.080 Thread 0x000000001c647000 Implicit null exception at 0x000000000338b2af to 0x000000000338b3a1
Event: 25.080 Thread 0x000000001c642800 Implicit null exception at 0x000000000338b2af to 0x000000000338b3a1
Event: 25.080 Thread 0x000000001c63f800 Implicit null exception at 0x000000000338b2af to 0x000000000338b3a1
Event: 25.601 Thread 0x000000001c646800 Implicit null exception at 0x00000000041275cf to 0x0000000004127731
Event: 25.601 Thread 0x000000001c646800 Implicit null exception at 0x00000000039dc40a to 0x00000000039dc49d

Events (10 events):
Event: 25.699 Thread 0x000000001c646800 DEOPT UNPACKING pc=0x00000000029f557b sp=0x00000000272deb08 mode 2
Event: 25.699 Thread 0x000000001c646800 Uncommon trap: trap_request=0xffffffd6 fr.pc=0x00000000042b4210
Event: 25.699 Thread 0x000000001c646800 DEOPT PACKING pc=0x00000000042b4210 sp=0x00000000272deb40
Event: 25.700 Thread 0x000000001c646800 DEOPT UNPACKING pc=0x00000000029f557b sp=0x00000000272deb08 mode 2
Event: 25.713 Thread 0x000000001c646800 DEOPT PACKING pc=0x00000000042ffb3e sp=0x00000000272dea20
Event: 25.713 Thread 0x000000001c646800 DEOPT UNPACKING pc=0x00000000029f75d0 sp=0x00000000272de790 mode 0
Event: 25.723 Thread 0x000000001c646800 DEOPT PACKING pc=0x00000000043732da sp=0x00000000272dec60
Event: 25.723 Thread 0x000000001c646800 DEOPT UNPACKING pc=0x00000000029f75d0 sp=0x00000000272de9d8 mode 0
Event: 25.723 Thread 0x000000001c646800 DEOPT PACKING pc=0x00000000043732da sp=0x00000000272dec60
Event: 25.723 Thread 0x000000001c646800 DEOPT UNPACKING pc=0x00000000029f75d0 sp=0x00000000272de9d8 mode 0


Dynamic libraries:
0x00007ff6a1980000 - 0x00007ff6a19b1000 	D:\AndroidStudio\jre\bin\java.exe
0x00007fff35540000 - 0x00007fff35730000 	C:\WINDOWS\SYSTEM32\ntdll.dll
0x00007fff335f0000 - 0x00007fff336a2000 	C:\WINDOWS\System32\KERNEL32.DLL
0x00007fff331e0000 - 0x00007fff33483000 	C:\WINDOWS\System32\KERNELBASE.dll
0x00007fff35450000 - 0x00007fff354f3000 	C:\WINDOWS\System32\ADVAPI32.dll
0x00007fff34ed0000 - 0x00007fff34f6e000 	C:\WINDOWS\System32\msvcrt.dll
0x00007fff33f50000 - 0x00007fff33fe7000 	C:\WINDOWS\System32\sechost.dll
0x00007fff34f80000 - 0x00007fff350a0000 	C:\WINDOWS\System32\RPCRT4.dll
0x00007fff350a0000 - 0x00007fff35234000 	C:\WINDOWS\System32\USER32.dll
0x00007fff335c0000 - 0x00007fff335e1000 	C:\WINDOWS\System32\win32u.dll
0x00007fff35350000 - 0x00007fff35376000 	C:\WINDOWS\System32\GDI32.dll
0x00007fff33040000 - 0x00007fff331d4000 	C:\WINDOWS\System32\gdi32full.dll
0x00007fff324d0000 - 0x00007fff3256e000 	C:\WINDOWS\System32\msvcp_win.dll
0x00007fff334c0000 - 0x00007fff335ba000 	C:\WINDOWS\System32\ucrtbase.dll
0x00007fff295f0000 - 0x00007fff29875000 	C:\WINDOWS\WinSxS\amd64_microsoft.windows.common-controls_6595b64144ccf1df_6.0.18362.418_none_e6c6b287130d565d\COMCTL32.dll
0x00007fff33ff0000 - 0x00007fff34326000 	C:\WINDOWS\System32\combase.dll
0x00007fff32f70000 - 0x00007fff32ff0000 	C:\WINDOWS\System32\bcryptPrimitives.dll
0x00007fff34dd0000 - 0x00007fff34dfe000 	C:\WINDOWS\System32\IMM32.DLL
0x000000006ab90000 - 0x000000006ac62000 	D:\AndroidStudio\jre\jre\bin\msvcr100.dll
0x000000006adb0000 - 0x000000006b5f1000 	D:\AndroidStudio\jre\jre\bin\server\jvm.dll
0x00007fff34f70000 - 0x00007fff34f78000 	C:\WINDOWS\System32\PSAPI.DLL
0x00007fff2de00000 - 0x00007fff2de0a000 	C:\WINDOWS\SYSTEM32\VERSION.dll
0x00007fff30390000 - 0x00007fff303b4000 	C:\WINDOWS\SYSTEM32\WINMM.dll
0x00007fff16db0000 - 0x00007fff16db9000 	C:\WINDOWS\SYSTEM32\WSOCK32.dll
0x00007fff34d60000 - 0x00007fff34dcf000 	C:\WINDOWS\System32\WS2_32.dll
0x00007fff30360000 - 0x00007fff3038d000 	C:\WINDOWS\SYSTEM32\winmmbase.dll
0x00007fff32ff0000 - 0x00007fff3303a000 	C:\WINDOWS\System32\cfgmgr32.dll
0x00007fff2ed70000 - 0x00007fff2ed7f000 	D:\AndroidStudio\jre\jre\bin\verify.dll
0x00007fff18e10000 - 0x00007fff18e39000 	D:\AndroidStudio\jre\jre\bin\java.dll
0x00007fff17b10000 - 0x00007fff17b26000 	D:\AndroidStudio\jre\jre\bin\zip.dll
0x00007fff33860000 - 0x00007fff33f45000 	C:\WINDOWS\System32\SHELL32.dll
0x00007fff352a0000 - 0x00007fff35349000 	C:\WINDOWS\System32\shcore.dll
0x00007fff327d0000 - 0x00007fff32f4f000 	C:\WINDOWS\System32\windows.storage.dll
0x00007fff324b0000 - 0x00007fff324cf000 	C:\WINDOWS\System32\profapi.dll
0x00007fff32440000 - 0x00007fff3248a000 	C:\WINDOWS\System32\powrprof.dll
0x00007fff32410000 - 0x00007fff32420000 	C:\WINDOWS\System32\UMPDC.dll
0x00007fff34880000 - 0x00007fff348d2000 	C:\WINDOWS\System32\shlwapi.dll
0x00007fff32490000 - 0x00007fff324a1000 	C:\WINDOWS\System32\kernel.appcore.dll
0x00007fff32f50000 - 0x00007fff32f67000 	C:\WINDOWS\System32\cryptsp.dll
0x00007fff17af0000 - 0x00007fff17b0a000 	D:\AndroidStudio\jre\jre\bin\net.dll
0x00007fff31c80000 - 0x00007fff31ce7000 	C:\WINDOWS\system32\mswsock.dll
0x00007fff074a0000 - 0x00007fff074b1000 	D:\AndroidStudio\jre\jre\bin\nio.dll
0x00007fff1fff0000 - 0x00007fff2000e000 	C:\Users\rr242\.gradle\native\25\windows-amd64\native-platform.dll
0x00007fff2ed60000 - 0x00007fff2ed6d000 	D:\AndroidStudio\jre\jre\bin\management.dll
0x00007fff317f0000 - 0x00007fff31823000 	C:\WINDOWS\system32\rsaenh.dll
0x00007fff33490000 - 0x00007fff334b6000 	C:\WINDOWS\System32\bcrypt.dll
0x00007fff32330000 - 0x00007fff32355000 	C:\WINDOWS\SYSTEM32\USERENV.dll
0x00007fff31e50000 - 0x00007fff31e5c000 	C:\WINDOWS\SYSTEM32\CRYPTBASE.dll
0x00007fff31990000 - 0x00007fff319ca000 	C:\WINDOWS\SYSTEM32\IPHLPAPI.DLL
0x00007fff34670000 - 0x00007fff34678000 	C:\WINDOWS\System32\NSI.dll
0x00007fff2b990000 - 0x00007fff2b9a6000 	C:\WINDOWS\SYSTEM32\dhcpcsvc6.DLL
0x00007fff2b970000 - 0x00007fff2b98c000 	C:\WINDOWS\SYSTEM32\dhcpcsvc.DLL
0x00007fff319d0000 - 0x00007fff31a9a000 	C:\WINDOWS\SYSTEM32\DNSAPI.dll
0x00007fff2ed40000 - 0x00007fff2ed5e000 	C:\Users\rr242\AppData\Local\Temp\native-platform4664262780904770387dir\native-platform.dll

VM Arguments:
jvm_args: -Xmx1536m -Dfile.encoding=x-windows-949 -Duser.country=KR -Duser.language=ko -Duser.variant 
java_command: org.gradle.launcher.daemon.bootstrap.GradleDaemon 5.1.1
java_class_path (initial): C:\Users\rr242\.gradle\wrapper\dists\gradle-5.1.1-all\97z1ksx6lirer3kbvdnh7jtjg\gradle-5.1.1\lib\gradle-launcher-5.1.1.jar
Launcher Type: SUN_STANDARD

Environment Variables:
PATH=C:\Program Files (x86)\Common Files\Intel\Shared Libraries\redist\intel64\compiler;C:\Program Files (x86)\NetSarang\Xshell 6\;C:\Program Files\Microsoft MPI\Bin\;C:\Program Files (x86)\Intel\Intel(R) Management Engine Components\iCLS\;C:\Program Files\Intel\Intel(R) Management Engine Components\iCLS\;C:\Windows\system32;C:\Windows;C:\Windows\System32\Wbem;C:\Windows\System32\WindowsPowerShell\v1.0\;C:\Program Files (x86)\Intel\Intel(R) Management Engine Components\DAL;C:\Program Files\Intel\Intel(R) Management Engine Components\DAL;C:\Program Files (x86)\Intel\Intel(R) Management Engine Components\IPT;C:\Program Files\Intel\Intel(R) Management Engine Components\IPT;C:\Program Files (x86)\NVIDIA Corporation\PhysX\Common;C:\Program Files\NVIDIA Corporation\NVIDIA NvDLISR;C:\WINDOWS\system32;C:\WINDOWS;C:\WINDOWS\System32\Wbem;C:\WINDOWS\System32\WindowsPowerShell\v1.0\;C:\WINDOWS\System32\OpenSSH\;C:\Program Files\Java\jdk-11.0.2\bin;C:\Program Files\dotnet\;C:\Program Files\Git\cmd;C:\Program Files\Common Files\Autodesk Shared\;C:\Program Files\Microsoft SQL Server\120\Tools\Binn\;C:\Users\rr242\AppData\Local\Programs\Python\Python37-32\Scripts\;C:\Users\rr242\AppData\Local\Programs\Python\Python37-32\;C:\Users\rr242\AppData\Local\Microsoft\WindowsApps;;C:\Users\rr242\AppData\Local\Programs\Microsoft VS Code\bin
USERNAME=rr242
OS=Windows_NT
PROCESSOR_IDENTIFIER=Intel64 Family 6 Model 158 Stepping 9, GenuineIntel



---------------  S Y S T E M  ---------------

OS: Windows 10.0 , 64 bit Build 18362 (10.0.18362.329)

CPU:total 8 (initial active 8) (4 cores per cpu, 2 threads per core) family 6 model 158 stepping 9, cmov, cx8, fxsr, mmx, sse, sse2, sse3, ssse3, sse4.1, sse4.2, popcnt, avx, avx2, aes, clmul, erms, rtm, 3dnowpref, lzcnt, ht, tsc, tscinvbit, bmi1, bmi2, adx

Memory: 4k page, physical 16735860k(3666280k free), swap 25951860k(5144k free)

vm_info: OpenJDK 64-Bit Server VM (25.152-b01) for windows-amd64 JRE (1.8.0_152-release-1343-b01), built by "builder" with MS VC++ 10.0 (VS2010)

time: Wed Oct 16 06:55:13 2019
elapsed time: 25 seconds (0d 0h 0m 25s)

